<?xml version="1.0" encoding="UTF-8"?>
<testsuite xmlns:xsi="http://www.w3.org/2001/XMLSchema-instance" xsi:noNamespaceSchemaLocation="https://maven.apache.org/surefire/maven-surefire-plugin/xsd/surefire-test-report.xsd" version="3.0.2" name="com.integrationhub.platform.integration.Mt101MillionFileProcessE2EIT" time="782.48" tests="3" errors="0" skipped="0" failures="0">
  <properties>
[...]
</properties>
  <testcase name="runsFileToSwiftProcessForMillionRows" classname="com.integrationhub.platform.integration.Mt101MillionFileProcessE2EIT" time="757.126">
    <system-out><![CDATA[2026-07-15 19:09:45,915 WARN  [io.quarkiverse.quinoa.deployment.QuinoaProcessor] (build-15) Quinoa is disabled by default in tests.
2026-07-15 19:09:53,933 WARN  [io.quarkus.deployment.jvm] (main) Could not get access to jdk.internal.module API: this is required for Quarkus to adjust Java Modules configuration to match the various requirements of each extension. Please ensure this JVM is launched with --add-opens=java.base/java.lang.invoke=ALL-UNNAMED.
2026-07-15 19:09:54,597 INFO  [org.testcontainers.images.PullPolicy] (main) Image pull policy will be performed by: DefaultPullPolicy()
2026-07-15 19:09:54,599 INFO  [org.testcontainers.utility.ImageNameSubstitutor] (main) Image name substitution will be performed by: DefaultImageNameSubstitutor (composite of 'ConfigurationFileImageNameSubstitutor' and 'PrefixingImageNameSubstitutor')
2026-07-15 19:09:55,070 INFO  [org.testcontainers.DockerClientFactory] (pool-3-thread-1) Testcontainers version: 2.0.5
2026-07-15 19:09:55,344 INFO  [org.testcontainers.dockerclient.DockerClientProviderStrategy] (pool-3-thread-1) Loaded org.testcontainers.dockerclient.NpipeSocketClientProviderStrategy from ~/.testcontainers.properties, will try it first
2026-07-15 19:09:55,684 INFO  [org.testcontainers.dockerclient.DockerClientProviderStrategy] (pool-3-thread-1) Found Docker environment with local Npipe socket (npipe:////./pipe/docker_engine)
2026-07-15 19:09:55,685 INFO  [org.testcontainers.DockerClientFactory] (pool-3-thread-1) Docker host IP address is localhost
2026-07-15 19:09:55,702 INFO  [org.testcontainers.DockerClientFactory] (pool-3-thread-1) Connected to docker: 
  Server Version: 29.6.1
  API Version: 1.55
  Operating System: Docker Desktop
  Total Memory: 11959 MB
  Labels: 
    com.docker.desktop.address=npipe://\\.\pipe\docker_cli
2026-07-15 19:09:55,877 INFO  [tc.testcontainers/ryuk:0.14.0] (pool-3-thread-1) Creating container for image: testcontainers/ryuk:0.14.0
2026-07-15 19:09:55,958 INFO  [org.testcontainers.utility.RegistryAuthLocator] (pool-3-thread-1) Credential helper/store (docker-credential-desktop) does not have credentials for https://index.docker.io/v1/
2026-07-15 19:09:56,942 INFO  [tc.testcontainers/ryuk:0.14.0] (pool-3-thread-1) Container testcontainers/ryuk:0.14.0 is starting: c1078d5c379bb2aef195ad3f66e85cc0415d78cf13737e21a02c292e2fa6cad7
2026-07-15 19:09:58,243 INFO  [tc.testcontainers/ryuk:0.14.0] (pool-3-thread-1) Container testcontainers/ryuk:0.14.0 started in PT2.3659584S
2026-07-15 19:09:58,249 INFO  [org.testcontainers.utility.RyukResourceReaper] (pool-3-thread-1) Ryuk started - will monitor and terminate Testcontainers containers on JVM exit
2026-07-15 19:09:58,249 INFO  [org.testcontainers.DockerClientFactory] (pool-3-thread-1) Checking the system...
2026-07-15 19:09:58,249 INFO  [org.testcontainers.DockerClientFactory] (pool-3-thread-1) ?? Docker server version should be at least 1.6.0
2026-07-15 19:09:58,250 INFO  [tc.postgres:16-alpine] (pool-3-thread-1) Creating container for image: postgres:16-alpine
2026-07-15 19:09:58,919 INFO  [tc.postgres:16-alpine] (pool-3-thread-1) Container postgres:16-alpine is starting: 2fa966c80bd406a72ecfdeaea2451893465f7f897350dc7cb817e4c7d879d586
2026-07-15 19:10:04,639 INFO  [tc.postgres:16-alpine] (pool-3-thread-1) Container postgres:16-alpine started in PT6.3894918S
2026-07-15 19:10:04,640 INFO  [tc.postgres:16-alpine] (pool-3-thread-1) Container is started (JDBC URL: jdbc:postgresql://localhost:56665/integrationhub_test?loggerLevel=OFF)
2026-07-15 19:10:04,641 INFO  [tc.apache/kafka:3.7.0] (pool-3-thread-1) Creating container for image: apache/kafka:3.7.0
2026-07-15 19:10:05,513 INFO  [tc.apache/kafka:3.7.0] (pool-3-thread-1) Container apache/kafka:3.7.0 is starting: ebb9eaa6b5d3139f12e3a6099ada711e037b7dfee4b1cdb1fe48d076adb93234
2026-07-15 19:10:09,452 INFO  [tc.apache/kafka:3.7.0] (pool-3-thread-1) Container apache/kafka:3.7.0 started in PT4.8115417S
2026-07-15 19:10:10,012 INFO  [org.hibernate.orm.jpa] (main) HHH008540: Processing PersistenceUnitInfo [name: <default>]
2026-07-15 19:10:10,147 INFO  [org.hibernate.orm.core] (main) HHH000001: Hibernate ORM core version 7.4.3.Final
2026-07-15 19:10:10,372 INFO  [org.hibernate.orm.connections.pooling] (main) HHH10001005: Database info:
	Database JDBC URL [undefined/unknown]
	Database driver: undefined/unknown
	Database dialect: PostgreSQLDialect
	Database version: 14.0
	Default catalog/schema: unknown/unknown
	Autocommit mode: undefined/unknown
	Isolation level: <unknown>
	JDBC fetch size: undefined/unknown
	Pool: undefined/unknown
	Minimum pool size: undefined/unknown
	Maximum pool size: undefined/unknown
2026-07-15 19:10:10,996 WARN  [io.quarkus.config] (main) Unrecognized configuration key "quarkus.file.vault.provider.dev.secret" was provided; it will be ignored; verify that the dependency extension for this configuration is set or that you did not make a typo
2026-07-15 19:10:10,996 WARN  [io.quarkus.config] (main) Unrecognized configuration key "quarkus.file.vault.provider.dev.path" was provided; it will be ignored; verify that the dependency extension for this configuration is set or that you did not make a typo
2026-07-15 19:10:11,160 WARN  [io.quarkus.config] (main) The "quarkus.hibernate-orm.database.generation" config property is deprecated and should not be used anymore.
2026-07-15 19:10:11,239 WARN  [io.micrometer.core.instrument.MeterRegistry] (main) This Gauge has been already registered (MeterId{name='redis.pool.queue.size', tags=[tag(pool.name=<default>),tag(pool.type=redis)]}), the registration will be ignored. Note that subsequent logs will be logged at debug level.
2026-07-15 19:10:11,689 INFO  [org.flywaydb.core.FlywayExecutor] (main) Database: jdbc:postgresql://localhost:56665/integrationhub_test?loggerLevel=OFF (PostgreSQL 16.10)
2026-07-15 19:10:11,800 INFO  [org.flywaydb.core.internal.schemahistory.JdbcTableSchemaHistory] (main) Schema history table "public"."flyway_schema_history" does not exist yet
2026-07-15 19:10:11,808 INFO  [org.flywaydb.core.internal.command.DbValidate] (main) Successfully validated 99 migrations (execution time 00:00.068s)
2026-07-15 19:10:11,833 INFO  [org.flywaydb.core.internal.schemahistory.JdbcTableSchemaHistory] (main) Creating Schema History table "public"."flyway_schema_history" ...
2026-07-15 19:10:11,896 INFO  [org.flywaydb.core.internal.command.DbMigrate] (main) Current version of schema "public": << Empty Schema >>
2026-07-15 19:10:11,911 INFO  [org.flywaydb.core.internal.command.DbMigrate] (main) Migrating schema "public" to version "1 - initial schema"
2026-07-15 19:10:12,002 INFO  [org.flywaydb.core.internal.command.DbMigrate] (main) Migrating schema "public" to version "2 - process schedule"
2026-07-15 19:10:12,031 INFO  [org.flywaydb.core.internal.command.DbMigrate] (main) Migrating schema "public" to version "3 - connection definition"
2026-07-15 19:10:12,055 INFO  [org.flywaydb.core.internal.command.DbMigrate] (main) Migrating schema "public" to version "4 - process task definition active"
2026-07-15 19:10:12,082 INFO  [org.flywaydb.core.internal.command.DbMigrate] (main) Migrating schema "public" to version "5 - process task execution timing"
2026-07-15 19:10:12,110 INFO  [org.flywaydb.core.internal.command.DbMigrate] (main) Migrating schema "public" to version "6 - processed source file"
2026-07-15 19:10:12,139 INFO  [org.flywaydb.core.internal.command.DbMigrate] (main) Migrating schema "public" to version "7 - process execution retry lineage"
2026-07-15 19:10:12,161 INFO  [org.flywaydb.core.internal.command.DbMigrate] (main) Migrating schema "public" to version "8 - process definition flow layout"
2026-07-15 19:10:12,184 INFO  [org.flywaydb.core.internal.command.DbMigrate] (main) Migrating schema "public" to version "9 - system theme setting"
2026-07-15 19:10:12,208 INFO  [org.flywaydb.core.internal.command.DbMigrate] (main) Migrating schema "public" to version "10 - system theme setting locale sidebar"
2026-07-15 19:10:12,245 INFO  [org.flywaydb.core.internal.command.DbMigrate] (main) Migrating schema "public" to version "11 - process execution async request payload"
2026-07-15 19:10:12,285 INFO  [org.flywaydb.core.internal.command.DbMigrate] (main) Migrating schema "public" to version "12 - payments mt101 schema"
2026-07-15 19:10:12,408 INFO  [org.flywaydb.core.internal.command.DbMigrate] (main) Migrating schema "public" to version "13 - process task suspension"
2026-07-15 19:10:12,446 INFO  [org.flywaydb.core.internal.command.DbMigrate] (main) Migrating schema "public" to version "14 - mt101 massive fragments"
2026-07-15 19:10:12,501 INFO  [org.flywaydb.core.internal.command.DbMigrate] (main) Migrating schema "public" to version "15 - staging record index mt101 scale"
2026-07-15 19:10:12,530 INFO  [org.flywaydb.core.internal.command.DbMigrate] (main) Migrating schema "public" to version "16 - process task suspension continuation"
2026-07-15 19:10:12,556 INFO  [org.flywaydb.core.internal.command.DbMigrate] (main) Migrating schema "public" to version "17 - mt101 archive status sync"
2026-07-15 19:10:12,587 INFO  [org.flywaydb.core.internal.command.DbMigrate] (main) Migrating schema "public" to version "18 - mt101 idempotency and issue lineage"
2026-07-15 19:10:12,632 INFO  [org.flywaydb.core.internal.command.DbMigrate] (main) Migrating schema "public" to version "19 - mt101 archive idempotency guard"
2026-07-15 19:10:12,662 INFO  [org.flywaydb.core.internal.command.DbMigrate] (main) Migrating schema "public" to version "20 - audit spool"
2026-07-15 19:10:12,697 INFO  [org.flywaydb.core.internal.command.DbMigrate] (main) Migrating schema "public" to version "21 - audit event event id"
2026-07-15 19:10:12,725 INFO  [org.flywaydb.core.internal.command.DbMigrate] (main) Migrating schema "public" to version "22 - audit record event"
2026-07-15 19:10:12,769 INFO  [org.flywaydb.core.internal.command.DbMigrate] (main) Migrating schema "public" to version "23 - audit record operational keys"
2026-07-15 19:10:12,838 INFO  [org.flywaydb.core.internal.command.DbMigrate] (main) Migrating schema "public" to version "24 - audit spool hardening"
2026-07-15 19:10:12,881 INFO  [org.flywaydb.core.internal.command.DbMigrate] (main) Migrating schema "public" to version "25 - mt101 fragment source row lookup"
2026-07-15 19:10:12,913 INFO  [org.flywaydb.core.internal.command.DbMigrate] (main) Migrating schema "public" to version "26 - audit record id widen and dlq dedup"
2026-07-15 19:10:12,947 INFO  [org.flywaydb.core.internal.command.DbMigrate] (main) Migrating schema "public" to version "27 - audit record hash varchar"
2026-07-15 19:10:13,018 INFO  [org.flywaydb.core.internal.command.DbMigrate] (main) Migrating schema "public" to version "28 - payment validation rule severity varchar"
2026-07-15 19:10:13,054 INFO  [org.flywaydb.core.internal.command.DbMigrate] (main) Migrating schema "public" to version "29 - swift inbound message"
2026-07-15 19:10:13,098 INFO  [org.flywaydb.core.internal.command.DbMigrate] (main) Migrating schema "public" to version "30 - inbound routed transaction"
2026-07-15 19:10:13,135 INFO  [org.flywaydb.core.internal.command.DbMigrate] (main) Migrating schema "public" to version "31 - record traceability source row"
2026-07-15 19:10:13,189 INFO  [org.flywaydb.core.internal.command.DbMigrate] (main) Migrating schema "public" to version "32 - mt101 failed record quarantine"
2026-07-15 19:10:13,239 INFO  [org.flywaydb.core.internal.command.DbMigrate] (main) Migrating schema "public" to version "33 - mt101 rebuild run and fragment record"
2026-07-15 19:10:13,319 INFO  [org.flywaydb.core.internal.command.DbMigrate] (main) Migrating schema "public" to version "34 - staging record optimistic lock"
2026-07-15 19:10:13,346 INFO  [org.flywaydb.core.internal.command.DbMigrate] (main) Migrating schema "public" to version "35 - mt101 rebuild reference sequence"
2026-07-15 19:10:13,367 INFO  [org.flywaydb.core.internal.command.DbMigrate] (main) Migrating schema "public" to version "36 - mt101 fragment record status drop and archive scope"
2026-07-15 19:10:13,394 INFO  [org.flywaydb.core.internal.command.DbMigrate] (main) Migrating schema "public" to version "37 - mt101 rebuild execution actor"
2026-07-15 19:10:13,419 INFO  [org.flywaydb.core.internal.command.DbMigrate] (main) Migrating schema "public" to version "38 - mt101 rebuild resolution and correction audit"
2026-07-15 19:10:13,471 INFO  [org.flywaydb.core.internal.command.DbMigrate] (main) Migrating schema "public" to version "39 - mt101 rebuild selection approval snapshot"
2026-07-15 19:10:13,498 INFO  [org.flywaydb.core.internal.command.DbMigrate] (main) Migrating schema "public" to version "40 - mt101 rebuild run connection ref"
2026-07-15 19:10:13,525 INFO  [org.flywaydb.core.internal.command.DbMigrate] (main) Migrating schema "public" to version "41 - mt101 rebuild corrective pay governance"
2026-07-15 19:10:13,552 INFO  [org.flywaydb.core.internal.command.DbMigrate] (main) Migrating schema "public" to version "42 - mt101 lineage source instance identity"
2026-07-15 19:10:13,600 INFO  [org.flywaydb.core.internal.command.DbMigrate] (main) Migrating schema "public" to version "43 - mt101 corrective no fallback identity and pay claim"
2026-07-15 19:10:13,660 INFO  [org.flywaydb.core.internal.command.DbMigrate] (main) Migrating schema "public" to version "44 - mt101 corrective pay hash uncertain partial"
2026-07-15 19:10:13,705 INFO  [org.flywaydb.core.internal.command.DbMigrate] (main) Migrating schema "public" to version "45 - mt101 corrective route and pay intent"
2026-07-15 19:10:13,741 INFO  [org.flywaydb.core.internal.command.DbMigrate] (main) Migrating schema "public" to version "46 - mt101 uncertain resolution and child corrective"
2026-07-15 19:10:13,777 INFO  [org.flywaydb.core.internal.command.DbMigrate] (main) Migrating schema "public" to version "47 - mt101 corrective post pay sync status"
2026-07-15 19:10:13,805 INFO  [org.flywaydb.core.internal.command.DbMigrate] (main) Migrating schema "public" to version "48 - mt101 corrective pay config hash"
2026-07-15 19:10:13,831 INFO  [org.flywaydb.core.internal.command.DbMigrate] (main) Migrating schema "public" to version "49 - mt101 corrective pay resolution audit"
2026-07-15 19:10:13,858 INFO  [org.flywaydb.core.internal.command.DbMigrate] (main) Migrating schema "public" to version "50 - mt101 corrective pay request reason"
2026-07-15 19:10:13,885 INFO  [org.flywaydb.core.internal.command.DbMigrate] (main) Migrating schema "public" to version "51 - mt101 corrective pay action log"
2026-07-15 19:10:13,921 INFO  [org.flywaydb.core.internal.command.DbMigrate] (main) Migrating schema "public" to version "52 - mt101 corrective pay status config snapshot"
2026-07-15 19:10:13,948 INFO  [org.flywaydb.core.internal.command.DbMigrate] (main) Migrating schema "public" to version "53 - mt101 corrective pay action append only"
2026-07-15 19:10:13,955 INFO  [org.flywaydb.core.internal.sqlscript.DefaultSqlScriptExecutor] (main) DB: trigger "trg_mt101_pay_action_no_row_mutation" for relation "mt101_corrective_pay_action" does not exist, skipping
2026-07-15 19:10:13,959 INFO  [org.flywaydb.core.internal.sqlscript.DefaultSqlScriptExecutor] (main) DB: trigger "trg_mt101_pay_action_no_truncate" for relation "mt101_corrective_pay_action" does not exist, skipping
2026-07-15 19:10:13,984 INFO  [org.flywaydb.core.internal.command.DbMigrate] (main) Migrating schema "public" to version "54 - mt101 corrective pay fragment approved route"
2026-07-15 19:10:14,009 INFO  [org.flywaydb.core.internal.command.DbMigrate] (main) Migrating schema "public" to version "55 - mt101 corrective pay fragment dispatch plan"
2026-07-15 19:10:14,035 INFO  [org.flywaydb.core.internal.command.DbMigrate] (main) Migrating schema "public" to version "56 - mt101 corrective pay action hash chain"
2026-07-15 19:10:14,061 INFO  [org.flywaydb.core.internal.command.DbMigrate] (main) Migrating schema "public" to version "57 - mt101 corrective pay reconcile snapshot"
2026-07-15 19:10:14,086 INFO  [org.flywaydb.core.internal.command.DbMigrate] (main) Migrating schema "public" to version "58 - mt101 corrective pay fragment conflict"
2026-07-15 19:10:14,113 INFO  [org.flywaydb.core.internal.command.DbMigrate] (main) Migrating schema "public" to version "59 - mt101 corrective pay fragment dispatch spec"
2026-07-15 19:10:14,142 INFO  [org.flywaydb.core.internal.command.DbMigrate] (main) Migrating schema "public" to version "60 - mt101 rebuild run pay plan set"
2026-07-15 19:10:14,170 INFO  [org.flywaydb.core.internal.command.DbMigrate] (main) Migrating schema "public" to version "61 - mt101 rebuild run pay plan reservation"
2026-07-15 19:10:14,198 INFO  [org.flywaydb.core.internal.command.DbMigrate] (main) Migrating schema "public" to version "62 - mt101 corrective pay plan revisions"
2026-07-15 19:10:14,249 INFO  [org.flywaydb.core.internal.command.DbMigrate] (main) Migrating schema "public" to version "63 - mt101 rebuild run pay plan reservation owner"
2026-07-15 19:10:14,276 INFO  [org.flywaydb.core.internal.command.DbMigrate] (main) Migrating schema "public" to version "64 - mt101 rebuild run pay plan previous status"
2026-07-15 19:10:14,301 INFO  [org.flywaydb.core.internal.command.DbMigrate] (main) Migrating schema "public" to version "65 - mt101 corrective pay plan immutability triggers"
2026-07-15 19:10:14,306 INFO  [org.flywaydb.core.internal.sqlscript.DefaultSqlScriptExecutor] (main) DB: trigger "trg_pay_plan_fragment_immutable" for relation "mt101_corrective_pay_plan_fragment" does not exist, skipping
2026-07-15 19:10:14,312 INFO  [org.flywaydb.core.internal.sqlscript.DefaultSqlScriptExecutor] (main) DB: trigger "trg_pay_plan_status_guard" for relation "mt101_corrective_pay_plan" does not exist, skipping
2026-07-15 19:10:14,336 INFO  [org.flywaydb.core.internal.command.DbMigrate] (main) Migrating schema "public" to version "66 - mt101 corrective pay plan insert immutability"
2026-07-15 19:10:14,347 INFO  [org.flywaydb.core.internal.sqlscript.DefaultSqlScriptExecutor] (main) DB: trigger "trg_pay_plan_insert_guard" for relation "mt101_corrective_pay_plan" does not exist, skipping
2026-07-15 19:10:14,372 INFO  [org.flywaydb.core.internal.command.DbMigrate] (main) Migrating schema "public" to version "67 - mt101 corrective pay plan header integrity"
2026-07-15 19:10:14,377 INFO  [org.flywaydb.core.internal.sqlscript.DefaultSqlScriptExecutor] (main) DB: trigger "trg_pay_plan_delete_guard" for relation "mt101_corrective_pay_plan" does not exist, skipping
2026-07-15 19:10:14,381 INFO  [org.flywaydb.core.internal.sqlscript.DefaultSqlScriptExecutor] (main) DB: ALTER TABLE / ADD CONSTRAINT USING INDEX will rename index "ux_pay_plan_run_rev" to "uq_pay_plan_run_rev"
2026-07-15 19:10:14,407 INFO  [org.flywaydb.core.internal.command.DbMigrate] (main) Migrating schema "public" to version "68 - mt101 corrective pay plan referential integrity"
2026-07-15 19:10:14,445 INFO  [org.flywaydb.core.internal.command.DbMigrate] (main) Migrating schema "public" to version "69 - mt101 corrective pay plan validate and sanitize"
2026-07-15 19:10:14,477 INFO  [org.flywaydb.core.internal.command.DbMigrate] (main) Migrating schema "public" to version "70 - backend plugin descriptor"
2026-07-15 19:10:14,513 INFO  [org.flywaydb.core.internal.command.DbMigrate] (main) Migrating schema "public" to version "71 - plugin descriptor capabilities and pinning"
2026-07-15 19:10:14,551 INFO  [org.flywaydb.core.internal.command.DbMigrate] (main) Migrating schema "public" to version "72 - plugin marketplace catalog cache"
2026-07-15 19:10:14,585 INFO  [org.flywaydb.core.internal.command.DbMigrate] (main) Migrating schema "public" to version "73 - plugin descriptor version"
2026-07-15 19:10:14,619 INFO  [org.flywaydb.core.internal.command.DbMigrate] (main) Migrating schema "public" to version "74 - plugin invocation metric"
2026-07-15 19:10:14,645 INFO  [org.flywaydb.core.internal.command.DbMigrate] (main) Migrating schema "public" to version "75 - ui plugin catalog entry"
2026-07-15 19:10:14,666 INFO  [org.flywaydb.core.internal.command.DbMigrate] (main) Migrating schema "public" to version "76 - plugin canary weight"
2026-07-15 19:10:14,686 INFO  [org.flywaydb.core.internal.command.DbMigrate] (main) Migrating schema "public" to version "77 - plugin descriptor config schemas"
2026-07-15 19:10:14,705 INFO  [org.flywaydb.core.internal.command.DbMigrate] (main) Migrating schema "public" to version "78 - task dispatch outbox"
2026-07-15 19:10:14,735 INFO  [org.flywaydb.core.internal.command.DbMigrate] (main) Migrating schema "public" to version "79 - task inbox"
2026-07-15 19:10:14,760 INFO  [org.flywaydb.core.internal.command.DbMigrate] (main) Migrating schema "public" to version "80 - task execution active suspension index"
2026-07-15 19:10:14,782 INFO  [org.flywaydb.core.internal.command.DbMigrate] (main) Migrating schema "public" to version "81 - task async dispatch"
2026-07-15 19:10:14,807 INFO  [org.flywaydb.core.internal.command.DbMigrate] (main) Migrating schema "public" to version "82 - task async dispatch streaming"
2026-07-15 19:10:14,828 INFO  [org.flywaydb.core.internal.command.DbMigrate] (main) Migrating schema "public" to version "83 - task async dispatch page recovery"
2026-07-15 19:10:14,851 INFO  [org.flywaydb.core.internal.command.DbMigrate] (main) Migrating schema "public" to version "84 - task async dispatch progress at"
2026-07-15 19:10:14,872 INFO  [org.flywaydb.core.internal.command.DbMigrate] (main) Migrating schema "public" to version "85 - task sync progress"
2026-07-15 19:10:14,894 INFO  [org.flywaydb.core.internal.command.DbMigrate] (main) Migrating schema "public" to version "86 - process execution distributed claim"
2026-07-15 19:10:14,916 INFO  [org.flywaydb.core.internal.command.DbMigrate] (main) Migrating schema "public" to version "87 - mt101 pay dispatch intent"
2026-07-15 19:10:14,939 INFO  [org.flywaydb.core.internal.command.DbMigrate] (main) Migrating schema "public" to version "88 - task inbox claim"
2026-07-15 19:10:14,962 INFO  [org.flywaydb.core.internal.command.DbMigrate] (main) Migrating schema "public" to version "89 - mt101 pay normal fragment conflict"
2026-07-15 19:10:14,981 INFO  [org.flywaydb.core.internal.command.DbMigrate] (main) Migrating schema "public" to version "90 - staging record physical position"
2026-07-15 19:10:15,000 INFO  [org.flywaydb.core.internal.command.DbMigrate] (main) Migrating schema "public" to version "91 - mt101 pay dispatch intent payload identity"
2026-07-15 19:10:15,022 INFO  [org.flywaydb.core.internal.command.DbMigrate] (main) Migrating schema "public" to version "92 - task inbox claim token"
2026-07-15 19:10:15,039 INFO  [org.flywaydb.core.internal.command.DbMigrate] (main) Migrating schema "public" to version "93 - staging record sheet row index"
2026-07-15 19:10:15,058 INFO  [org.flywaydb.core.internal.command.DbMigrate] (main) Migrating schema "public" to version "94 - mt101 build fragment pay conflict open index"
2026-07-15 19:10:15,078 INFO  [org.flywaydb.core.internal.command.DbMigrate] (main) Migrating schema "public" to version "95 - mt101 corrective pay fragment conflict open index"
2026-07-15 19:10:15,097 INFO  [org.flywaydb.core.internal.command.DbMigrate] (main) Migrating schema "public" to version "96 - plugin descriptor version config schemas"
2026-07-15 19:10:15,115 INFO  [org.flywaydb.core.internal.command.DbMigrate] (main) Migrating schema "public" to version "97 - system theme setting branding"
2026-07-15 19:10:15,140 INFO  [org.flywaydb.core.internal.command.DbMigrate] (main) Migrating schema "public" to version "98 - mt101 pay conflict acknowledge"
2026-07-15 19:10:15,164 INFO  [org.flywaydb.core.internal.command.DbMigrate] (main) Migrating schema "public" to version "99 - mt101 pay conflict ack maker checker"
2026-07-15 19:10:15,188 INFO  [org.flywaydb.core.internal.command.DbMigrate] (main) Successfully applied 99 migrations to schema "public", now at version v99 (execution time 00:01.497s)
2026-07-15 19:10:15,932 INFO  [io.quarkus.scheduler.runtime.SimpleScheduler] (main) Simple scheduler is disabled by config property and will not be started
2026-07-15 19:10:15,944 INFO  [io.smallrye.reactive.messaging.provider] (main) SRMSG00231: Incoming channel `tasks-in` disabled by configuration
2026-07-15 19:10:16,052 INFO  [io.smallrye.reactive.messaging.kafka] (smallrye-kafka-producer-thread-0) SRMSG18258: Kafka producer kafka-producer-audit-out, connected to Kafka brokers 'localhost:56668', is configured to write records to 'audit-events'
2026-07-15 19:10:16,078 WARN  [io.smallrye.reactive.messaging.provider] (main) SRMSG00207: Some components are not connected to either downstream consumers or upstream producers:
	- SubscriberMethod{method:'com.integrationhub.platform.service.execution.async.AsyncTaskBrokerConsumer#consume', incoming:'tasks-in'} has no upstream

2026-07-15 19:10:16,190 INFO  [com.integrationhub.platform.service.TaskProviderRegistry] (main) Task providers registered: DB_EXECUTE_FN(DatabaseFunctionTaskProvider_ClientProxy), DB_EXECUTE_SP(StoredProcedureTaskProvider_ClientProxy), DB_WRITE(DbWriteTaskProvider_ClientProxy), MT101_ARCHIVE(Mt101ArchiveTaskProvider_ClientProxy), MT101_BUILD(Mt101BuildTaskProvider_ClientProxy), MT101_BUILD_FROM_TABLE(Mt101BuildFromTableTaskProvider_ClientProxy), MT101_INBOUND_DELIVER(Mt101InboundDeliverTaskProvider_ClientProxy), MT101_PARSE(Mt101ParseTaskProvider_ClientProxy), MT101_PARSE_FROM_TABLE(Mt101ParseFromTableTaskProvider_ClientProxy), MT101_PAY(Mt101PayTaskProvider_ClientProxy), MT101_RECONCILE(Mt101ReconcileTaskProvider_ClientProxy), MT101_REPAIR(Mt101RepairTaskProvider_ClientProxy), MT101_ROUTE(Mt101RouteTaskProvider_ClientProxy), MT101_SPLIT(Mt101SplitTaskProvider_ClientProxy), MT101_STATUS(Mt101StatusTaskProvider_ClientProxy), MT101_VALIDATE(Mt101ValidateTaskProvider_ClientProxy), NOTIFICATION(NotificationTaskProvider_ClientProxy), PAIN001_PARSE(Pain001ParseTaskProvider_ClientProxy), REST_CALL(RestCallTaskProvider_ClientProxy), TEST_BUSINESS_FAILURE(FailingTaskProvider_ClientProxy), TEST_FOLLOW_UP(RecordingFollowUpTaskProvider_ClientProxy), TEST_SCATTER_BATCH(RecordingBatchTaskProvider_ClientProxy), TEST_SUSPENDABLE(RecordingSuspendableTaskProvider_ClientProxy), TEST_SUSPEND_COMPLETE(SuspendThenCompleteTaskProvider_ClientProxy), TEST_SUSPEND_TWICE(SuspendTwiceTaskProvider_ClientProxy)
2026-07-15 19:10:16,494 INFO  [com.integrationhub.platform.service.plugin.BackendPluginCatalogService] (main) Backend plugin descriptors loaded: 0 (canary candidates: 0)
2026-07-15 19:10:16,551 INFO  [io.quarkus] (main) platform-app 0.0.1-SNAPSHOT on JVM (powered by Quarkus 3.37.2) started in 35.178s. Listening on: http://localhost:8081
2026-07-15 19:10:16,551 INFO  [io.quarkus] (main) Profile test activated. 
2026-07-15 19:10:16,551 INFO  [io.quarkus] (main) Installed features: [agroal, amazon-sdk-s3, amazon-sdk-secretsmanager, artemis-jms, aws-secrets-manager-config-source, awt, azure-storage-blob, cdi, flyway, google-cloud-storage, grpc-client, hibernate-orm, hibernate-orm-panache, jacoco, jdbc-postgresql, jsch, kafka-client, messaging, messaging-kafka, micrometer, narayana-jta, oidc, opentelemetry, poi, quinoa, rabbitmq-client, redis-client, rest, rest-jackson, scheduler, security, smallrye-context-propagation, smallrye-fault-tolerance, smallrye-health, vertx, wiremock]
2026-07-15 19:10:20,399 INFO  [com.integrationhub.platform.service.execution.ProcessExecutionCommandService] (executor-thread-1) Queued process execution 1 for process definition 1 (process-mt101-million-e2e) trigger=MANUAL selectedFiles=0
2026-07-15 19:10:20,697 INFO  [com.integrationhub.platform.service.execution.async.BackgroundProcessExecutionDispatcher] (executor-thread-1) Dispatching queued process execution 1 claimed by node-434777b9-bd4a-4fbb-8859-ce60a64752ac. activeExecutions=0/2
2026-07-15 19:10:20,697 INFO  [com.integrationhub.platform.service.execution.async.BackgroundProcessExecutionDispatcher] (executor-thread-1) Submitting queued process execution 1 to background executor. activeExecutions=1/2
2026-07-15 19:10:20,715 INFO  [com.integrationhub.platform.service.execution.async.ProcessExecutionRunner] (executor-thread-2) Starting background process execution 1 for process definition 1 trigger=MANUAL selectedFiles=0
2026-07-15 19:22:52,255 INFO  [com.integrationhub.platform.service.execution.async.ProcessExecutionRunner] (executor-thread-2) Background process execution 1 completed for process definition 1
2026-07-15 19:22:52,256 INFO  [com.integrationhub.platform.service.execution.async.BackgroundProcessExecutionDispatcher] (executor-thread-2) Background execution 1 finished. activeExecutions=0/2
]]></system-out>
    <system-err><![CDATA[jul. 15, 2026 7:09:43 P. M. org.jboss.logmanager.JBossLoggerFinder getLogger
ERROR: The LogManager accessed before the "java.util.logging.manager" system property was set to "org.jboss.logmanager.LogManager". Results may be unexpected.
WARNING: A Java agent has been loaded dynamically (C:\Users\51942\.m2\repository\net\bytebuddy\byte-buddy-agent\1.18.8\byte-buddy-agent-1.18.8.jar)
WARNING: If a serviceability tool is in use, please run with -XX:+EnableDynamicAgentLoading to hide this warning
WARNING: If a serviceability tool is not in use, please run with -Djdk.instrument.traceUsage for more information
WARNING: Dynamic loading of agents will be disallowed by default in a future release
@QuarkusTest has detected a hang, as there has been no test activity in PT10M
To configure this timeout use the quarkus.test.hang-detection-timeout config property
A stack trace is below to help diagnose the potential hang
=== Stack Trace ===
Thread main: TIMED_WAITING
  Stack:
    java.base@25.0.2/java.lang.Thread.sleepNanos0(Native Method)
    java.base@25.0.2/java.lang.Thread.sleepNanos(Thread.java:509)
    java.base@25.0.2/java.lang.Thread.sleep(Thread.java:540)
    com.integrationhub.platform.integration.Mt101MillionFileProcessE2EIT.awaitExecutionCompleted(Mt101MillionFileProcessE2EIT.java:689)
    com.integrationhub.platform.integration.Mt101MillionFileProcessE2EIT.runsFileToSwiftProcessForMillionRows(Mt101MillionFileProcessE2EIT.java:124)
    java.base@25.0.2/java.lang.invoke.LambdaForm$DMH/0x0000000034158800.invokeVirtual(LambdaForm$DMH)
    java.base@25.0.2/java.lang.invoke.LambdaForm$MH/0x00000000359ac000.invoke(LambdaForm$MH)
    java.base@25.0.2/java.lang.invoke.Invokers$Holder.invokeExact_MT(Invokers$Holder)
    java.base@25.0.2/jdk.internal.reflect.DirectMethodHandleAccessor.invokeImpl(DirectMethodHandleAccessor.java:154)
    java.base@25.0.2/jdk.internal.reflect.DirectMethodHandleAccessor.invoke(DirectMethodHandleAccessor.java:104)
    java.base@25.0.2/java.lang.reflect.Method.invoke(Method.java:565)
    io.quarkus.test.junit.QuarkusTestExtension.runExtensionMethod(QuarkusTestExtension.java:1005)
    io.quarkus.test.junit.QuarkusTestExtension.interceptTestMethod(QuarkusTestExtension.java:852)
    app//org.junit.jupiter.engine.descriptor.TestMethodTestDescriptor$$Lambda/0x0000000034a829e0.apply(Unknown Source)
    app//org.junit.jupiter.engine.execution.InterceptingExecutableInvoker$ReflectiveInterceptorCall.lambda$ofVoidMethod$0(InterceptingExecutableInvoker.java:124)
    app//org.junit.jupiter.engine.execution.InterceptingExecutableInvoker$ReflectiveInterceptorCall$$Lambda/0x00000000359970e0.apply(Unknown Source)
    app//org.junit.jupiter.engine.execution.InterceptingExecutableInvoker.lambda$invoke$0(InterceptingExecutableInvoker.java:105)
    app//org.junit.jupiter.engine.execution.InterceptingExecutableInvoker$$Lambda/0x00000000359977e0.apply(Unknown Source)
    app//org.junit.jupiter.engine.execution.InvocationInterceptorChain$InterceptedInvocation.proceed(InvocationInterceptorChain.java:99)
    app//org.junit.jupiter.engine.extension.TimeoutExtension.intercept(TimeoutExtension.java:163)
    app//org.junit.jupiter.engine.extension.TimeoutExtension.interceptTestableMethod(TimeoutExtension.java:148)
    app//org.junit.jupiter.engine.extension.TimeoutExtension.interceptTestMethod(TimeoutExtension.java:86)
    app//org.junit.jupiter.engine.descriptor.TestMethodTestDescriptor$$Lambda/0x0000000034a829e0.apply(Unknown Source)
    app//org.junit.jupiter.engine.execution.InterceptingExecutableInvoker$ReflectiveInterceptorCall.lambda$ofVoidMethod$0(InterceptingExecutableInvoker.java:124)
    app//org.junit.jupiter.engine.execution.InterceptingExecutableInvoker$ReflectiveInterceptorCall$$Lambda/0x00000000359970e0.apply(Unknown Source)
    app//org.junit.jupiter.engine.execution.InterceptingExecutableInvoker.lambda$invoke$0(InterceptingExecutableInvoker.java:105)
    app//org.junit.jupiter.engine.execution.InterceptingExecutableInvoker$$Lambda/0x00000000359977e0.apply(Unknown Source)
    app//org.junit.jupiter.engine.execution.InvocationInterceptorChain$InterceptedInvocation.proceed(InvocationInterceptorChain.java:99)
    app//org.junit.jupiter.engine.execution.InvocationInterceptorChain.proceed(InvocationInterceptorChain.java:66)
    app//org.junit.jupiter.engine.execution.InvocationInterceptorChain.chainAndInvoke(InvocationInterceptorChain.java:47)
    app//org.junit.jupiter.engine.execution.InvocationInterceptorChain.invoke(InvocationInterceptorChain.java:39)
    app//org.junit.jupiter.engine.execution.InterceptingExecutableInvoker.invoke(InterceptingExecutableInvoker.java:104)
    app//org.junit.jupiter.engine.execution.InterceptingExecutableInvoker.invoke(InterceptingExecutableInvoker.java:98)
    app//org.junit.jupiter.engine.execution.InterceptingExecutableInvoker.invokeVoid(InterceptingExecutableInvoker.java:71)
    app//org.junit.jupiter.engine.descriptor.TestMethodTestDescriptor.lambda$invokeTestMethod$0(TestMethodTestDescriptor.java:219)
    app//org.junit.jupiter.engine.descriptor.TestMethodTestDescriptor$$Lambda/0x00000000359a88d0.execute(Unknown Source)
    app//org.junit.platform.engine.support.hierarchical.ThrowableCollector.execute(ThrowableCollector.java:74)
    app//org.junit.jupiter.engine.descriptor.TestMethodTestDescriptor.invokeTestMethod(TestMethodTestDescriptor.java:215)
    app//org.junit.jupiter.engine.descriptor.TestMethodTestDescriptor.execute(TestMethodTestDescriptor.java:157)
    app//org.junit.jupiter.engine.descriptor.TestMethodTestDescriptor.execute(TestMethodTestDescriptor.java:70)
    app//org.junit.platform.engine.support.hierarchical.NodeTestTask.lambda$executeRecursively$2(NodeTestTask.java:176)
    app//org.junit.platform.engine.support.hierarchical.NodeTestTask$$Lambda/0x0000000034aabc80.execute(Unknown Source)
    app//org.junit.platform.engine.support.hierarchical.ThrowableCollector.execute(ThrowableCollector.java:74)
    app//org.junit.platform.engine.support.hierarchical.NodeTestTask.lambda$executeRecursively$1(NodeTestTask.java:166)
    app//org.junit.platform.engine.support.hierarchical.NodeTestTask$$Lambda/0x0000000034aaba50.invoke(Unknown Source)
    app//org.junit.platform.engine.support.hierarchical.Node.around(Node.java:139)
    app//org.junit.platform.engine.support.hierarchical.NodeTestTask.lambda$executeRecursively$0(NodeTestTask.java:164)
    app//org.junit.platform.engine.support.hierarchical.NodeTestTask$$Lambda/0x0000000034aab618.execute(Unknown Source)
    app//org.junit.platform.engine.support.hierarchical.ThrowableCollector.execute(ThrowableCollector.java:74)
    app//org.junit.platform.engine.support.hierarchical.NodeTestTask.executeRecursively(NodeTestTask.java:163)
    app//org.junit.platform.engine.support.hierarchical.NodeTestTask.execute(NodeTestTask.java:116)
    app//org.junit.platform.engine.support.hierarchical.SameThreadHierarchicalTestExecutorService$$Lambda/0x0000000034aae910.accept(Unknown Source)
    java.base@25.0.2/java.util.ArrayList.forEach(ArrayList.java:1604)
    app//org.junit.platform.engine.support.hierarchical.SameThreadHierarchicalTestExecutorService.invokeAll(SameThreadHierarchicalTestExecutorService.java:42)
    app//org.junit.platform.engine.support.hierarchical.NodeTestTask.lambda$executeRecursively$2(NodeTestTask.java:180)
    app//org.junit.platform.engine.support.hierarchical.NodeTestTask$$Lambda/0x0000000034aabc80.execute(Unknown Source)
    app//org.junit.platform.engine.support.hierarchical.ThrowableCollector.execute(ThrowableCollector.java:74)
    app//org.junit.platform.engine.support.hierarchical.NodeTestTask.lambda$executeRecursively$1(NodeTestTask.java:166)
    app//org.junit.platform.engine.support.hierarchical.NodeTestTask$$Lambda/0x0000000034aaba50.invoke(Unknown Source)
    app//org.junit.platform.engine.support.hierarchical.Node.around(Node.java:139)
    app//org.junit.platform.engine.support.hierarchical.NodeTestTask.lambda$executeRecursively$0(NodeTestTask.java:164)
    app//org.junit.platform.engine.support.hierarchical.NodeTestTask$$Lambda/0x0000000034aab618.execute(Unknown Source)
    app//org.junit.platform.engine.support.hierarchical.ThrowableCollector.execute(ThrowableCollector.java:74)
    app//org.junit.platform.engine.support.hierarchical.NodeTestTask.executeRecursively(NodeTestTask.java:163)
    app//org.junit.platform.engine.support.hierarchical.NodeTestTask.execute(NodeTestTask.java:116)
    app//org.junit.platform.engine.support.hierarchical.SameThreadHierarchicalTestExecutorService$$Lambda/0x0000000034aae910.accept(Unknown Source)
    java.base@25.0.2/java.util.ArrayList.forEach(ArrayList.java:1604)
    app//org.junit.platform.engine.support.hierarchical.SameThreadHierarchicalTestExecutorService.invokeAll(SameThreadHierarchicalTestExecutorService.java:42)
    app//org.junit.platform.engine.support.hierarchical.NodeTestTask.lambda$executeRecursively$2(NodeTestTask.java:180)
    app//org.junit.platform.engine.support.hierarchical.NodeTestTask$$Lambda/0x0000000034aabc80.execute(Unknown Source)
    app//org.junit.platform.engine.support.hierarchical.ThrowableCollector.execute(ThrowableCollector.java:74)
    app//org.junit.platform.engine.support.hierarchical.NodeTestTask.lambda$executeRecursively$1(NodeTestTask.java:166)
    app//org.junit.platform.engine.support.hierarchical.NodeTestTask$$Lambda/0x0000000034aaba50.invoke(Unknown Source)
    app//org.junit.platform.engine.support.hierarchical.Node.around(Node.java:139)
    app//org.junit.platform.engine.support.hierarchical.NodeTestTask.lambda$executeRecursively$0(NodeTestTask.java:164)
    app//org.junit.platform.engine.support.hierarchical.NodeTestTask$$Lambda/0x0000000034aab618.execute(Unknown Source)
    app//org.junit.platform.engine.support.hierarchical.ThrowableCollector.execute(ThrowableCollector.java:74)
    app//org.junit.platform.engine.support.hierarchical.NodeTestTask.executeRecursively(NodeTestTask.java:163)
    app//org.junit.platform.engine.support.hierarchical.NodeTestTask.execute(NodeTestTask.java:116)
    app//org.junit.platform.engine.support.hierarchical.SameThreadHierarchicalTestExecutorService.submit(SameThreadHierarchicalTestExecutorService.java:36)
    app//org.junit.platform.engine.support.hierarchical.HierarchicalTestExecutor.execute(HierarchicalTestExecutor.java:52)
    app//org.junit.platform.engine.support.hierarchical.HierarchicalTestEngine.execute(HierarchicalTestEngine.java:58)
    app//org.junit.platform.launcher.core.EngineExecutionOrchestrator.executeEngine(EngineExecutionOrchestrator.java:256)
    app//org.junit.platform.launcher.core.EngineExecutionOrchestrator.failOrExecuteEngine(EngineExecutionOrchestrator.java:228)
    app//org.junit.platform.launcher.core.EngineExecutionOrchestrator.execute(EngineExecutionOrchestrator.java:189)
    app//org.junit.platform.launcher.core.EngineExecutionOrchestrator.execute(EngineExecutionOrchestrator.java:109)
    app//org.junit.platform.launcher.core.EngineExecutionOrchestrator.lambda$execute$0(EngineExecutionOrchestrator.java:66)
    app//org.junit.platform.launcher.core.EngineExecutionOrchestrator$$Lambda/0x0000000034a928d8.accept(Unknown Source)
    app//org.junit.platform.launcher.core.EngineExecutionOrchestrator.withInterceptedStreams(EngineExecutionOrchestrator.java:168)
    app//org.junit.platform.launcher.core.EngineExecutionOrchestrator.execute(EngineExecutionOrchestrator.java:65)
    app//org.junit.platform.launcher.core.DefaultLauncher.execute(DefaultLauncher.java:137)
    app//org.junit.platform.launcher.core.DefaultLauncher.execute(DefaultLauncher.java:126)
    app//org.junit.platform.launcher.core.DelegatingLauncher.execute(DelegatingLauncher.java:71)
    app//org.junit.platform.launcher.core.InterceptingLauncher.lambda$execute$2(InterceptingLauncher.java:66)
    app//org.junit.platform.launcher.core.InterceptingLauncher$$Lambda/0x0000000034a92230.proceed(Unknown Source)
    app//org.junit.platform.launcher.core.ClasspathAlignmentCheckingLauncherInterceptor.intercept(ClasspathAlignmentCheckingLauncherInterceptor.java:25)
    app//org.junit.platform.launcher.core.InterceptingLauncher.execute(InterceptingLauncher.java:65)
    app//org.junit.platform.launcher.core.DelegatingLauncher.execute(DelegatingLauncher.java:71)
    java.base@25.0.2/java.lang.invoke.LambdaForm$DMH/0x0000000034434000.invokeInterface(LambdaForm$DMH)
    java.base@25.0.2/java.lang.invoke.LambdaForm$MH/0x0000000034a94000.invoke(LambdaForm$MH)
    java.base@25.0.2/java.lang.invoke.Invokers$Holder.invokeExact_MT(Invokers$Holder)
    java.base@25.0.2/jdk.internal.reflect.DirectMethodHandleAccessor.invokeImpl(DirectMethodHandleAccessor.java:155)
    java.base@25.0.2/jdk.internal.reflect.DirectMethodHandleAccessor.invoke(DirectMethodHandleAccessor.java:104)
    java.base@25.0.2/java.lang.reflect.Method.invoke(Method.java:565)
    app//org.apache.maven.surefire.api.util.ReflectionUtils.invokeMethodWithArray(ReflectionUtils.java:125)
    app//org.apache.maven.surefire.junitplatform.LauncherAdapter.executeWithCancellationToken(LauncherAdapter.java:68)
    app//org.apache.maven.surefire.junitplatform.LauncherAdapter.execute(LauncherAdapter.java:54)
    app//org.apache.maven.surefire.junitplatform.JUnitPlatformProvider.execute(JUnitPlatformProvider.java:203)
    app//org.apache.maven.surefire.junitplatform.JUnitPlatformProvider.invokeAllTests(JUnitPlatformProvider.java:168)
    app//org.apache.maven.surefire.junitplatform.JUnitPlatformProvider.invoke(JUnitPlatformProvider.java:136)
    app//org.apache.maven.surefire.booter.ForkedBooter.runSuitesInProcess(ForkedBooter.java:385)
    app//org.apache.maven.surefire.booter.ForkedBooter.execute(ForkedBooter.java:162)
    app//org.apache.maven.surefire.booter.ForkedBooter.run(ForkedBooter.java:507)
    app//org.apache.maven.surefire.booter.ForkedBooter.main(ForkedBooter.java:495)
Thread Reference Handler: RUNNABLE
  Stack:
    java.base@25.0.2/java.lang.ref.Reference.waitForReferencePendingList(Native Method)
    java.base@25.0.2/java.lang.ref.Reference.processPendingReferences(Reference.java:246)
    java.base@25.0.2/java.lang.ref.Reference$ReferenceHandler.run(Reference.java:208)
Thread Finalizer: WAITING
  Waiting on java.lang.ref.ReferenceQueue$Lock@6434cb11
  Stack:
    java.base@25.0.2/java.lang.Object.wait0(Native Method)
    java.base@25.0.2/java.lang.Object.wait(Object.java:389)
    java.base@25.0.2/java.lang.Object.wait(Object.java:351)
    java.base@25.0.2/java.lang.ref.ReferenceQueue.remove0(ReferenceQueue.java:137)
    java.base@25.0.2/java.lang.ref.ReferenceQueue.remove(ReferenceQueue.java:215)
    java.base@25.0.2/java.lang.ref.Finalizer$FinalizerThread.run(Finalizer.java:165)
Thread Signal Dispatcher: RUNNABLE
  Stack:
Thread Attach Listener: RUNNABLE
  Stack:
Thread Notification Thread: RUNNABLE
  Stack:
Thread Common-Cleaner: TIMED_WAITING
  Stack:
    java.base@25.0.2/java.lang.Object.wait0(Native Method)
    java.base@25.0.2/java.lang.Object.wait(Object.java:389)
    java.base@25.0.2/java.lang.ref.ReferenceQueue.remove0(ReferenceQueue.java:123)
    java.base@25.0.2/java.lang.ref.ReferenceQueue.remove(ReferenceQueue.java:201)
    java.base@25.0.2/jdk.internal.ref.CleanerImpl.run(CleanerImpl.java:146)
    java.base@25.0.2/java.lang.Thread.runWith(Thread.java:1487)
    java.base@25.0.2/java.lang.Thread.run(Thread.java:1474)
    java.base@25.0.2/jdk.internal.misc.InnocuousThread.run(InnocuousThread.java:148)
Thread surefire-forkedjvm-stream-flusher: TIMED_WAITING
  Stack:
    java.base@25.0.2/jdk.internal.misc.Unsafe.park(Native Method)
    java.base@25.0.2/java.util.concurrent.locks.LockSupport.parkNanos(LockSupport.java:271)
    java.base@25.0.2/java.util.concurrent.locks.AbstractQueuedSynchronizer$ConditionObject.awaitNanos(AbstractQueuedSynchronizer.java:1803)
    java.base@25.0.2/java.util.concurrent.ScheduledThreadPoolExecutor$DelayedWorkQueue.take(ScheduledThreadPoolExecutor.java:1166)
    java.base@25.0.2/java.util.concurrent.ScheduledThreadPoolExecutor$DelayedWorkQueue.take(ScheduledThreadPoolExecutor.java:883)
    java.base@25.0.2/java.util.concurrent.ThreadPoolExecutor.getTask(ThreadPoolExecutor.java:1016)
    java.base@25.0.2/java.util.concurrent.ThreadPoolExecutor.runWorker(ThreadPoolExecutor.java:1076)
    java.base@25.0.2/java.util.concurrent.ThreadPoolExecutor$Worker.run(ThreadPoolExecutor.java:614)
    java.base@25.0.2/java.lang.Thread.runWith(Thread.java:1487)
    java.base@25.0.2/java.lang.Thread.run(Thread.java:1474)
Thread surefire-forkedjvm-command-thread: RUNNABLE
  Stack:
    java.base@25.0.2/java.io.FileInputStream.readBytes(Native Method)
    java.base@25.0.2/java.io.FileInputStream.read(FileInputStream.java:281)
    java.base@25.0.2/java.lang.System$In.read(System.java:1871)
    java.base@25.0.2/java.io.BufferedInputStream.read1(BufferedInputStream.java:328)
    java.base@25.0.2/java.io.BufferedInputStream.read(BufferedInputStream.java:388)
    java.base@25.0.2/java.io.BufferedInputStream.fill(BufferedInputStream.java:289)
    java.base@25.0.2/java.io.BufferedInputStream.read1(BufferedInputStream.java:330)
    java.base@25.0.2/java.io.BufferedInputStream.read(BufferedInputStream.java:388)
    app//org.apache.maven.surefire.api.util.internal.Channels$3.readImpl(Channels.java:169)
    app//org.apache.maven.surefire.api.util.internal.AbstractNoninterruptibleReadableChannel.read(AbstractNoninterruptibleReadableChannel.java:50)
    app//org.apache.maven.surefire.api.stream.AbstractStreamDecoder.read(AbstractStreamDecoder.java:430)
    app//org.apache.maven.surefire.api.stream.AbstractStreamDecoder.read(AbstractStreamDecoder.java:419)
    app//org.apache.maven.surefire.api.stream.AbstractStreamDecoder.readMessageType(AbstractStreamDecoder.java:116)
    app//org.apache.maven.surefire.booter.stream.CommandDecoder.decode(CommandDecoder.java:77)
    app//org.apache.maven.surefire.booter.spi.CommandChannelDecoder.decode(CommandChannelDecoder.java:60)
    app//org.apache.maven.surefire.booter.CommandReader$CommandRunnable.run(CommandReader.java:290)
    java.base@25.0.2/java.lang.Thread.runWith(Thread.java:1487)
    java.base@25.0.2/java.lang.Thread.run(Thread.java:1474)
Thread Reference Reaper #1: WAITING
  Waiting on java.lang.ref.ReferenceQueue$Lock@1aafa93d
  Stack:
    java.base@25.0.2/java.lang.Object.wait0(Native Method)
    java.base@25.0.2/java.lang.Object.wait(Object.java:389)
    java.base@25.0.2/java.lang.Object.wait(Object.java:351)
    java.base@25.0.2/java.lang.ref.ReferenceQueue.remove0(ReferenceQueue.java:137)
    java.base@25.0.2/java.lang.ref.ReferenceQueue.remove(ReferenceQueue.java:215)
    app//io.smallrye.common.ref.References$ReaperThread.run(References.java:63)
Thread Quarkus hang detection timer thread: RUNNABLE
  Stack:
    java.management@25.0.2/sun.management.ThreadImpl.dumpThreads0(Native Method)
    java.management@25.0.2/sun.management.ThreadImpl.dumpAllThreads(ThreadImpl.java:505)
    java.management@25.0.2/sun.management.ThreadImpl.dumpAllThreads(ThreadImpl.java:493)
    io.quarkus.test.junit.QuarkusTestExtension$1.run(QuarkusTestExtension.java:128)
    java.base@25.0.2/java.util.concurrent.Executors$RunnableAdapter.call(Executors.java:545)
    java.base@25.0.2/java.util.concurrent.FutureTask.run(FutureTask.java:328)
    java.base@25.0.2/java.util.concurrent.ScheduledThreadPoolExecutor$ScheduledFutureTask.run(ScheduledThreadPoolExecutor.java:309)
    java.base@25.0.2/java.util.concurrent.ThreadPoolExecutor.runWorker(ThreadPoolExecutor.java:1090)
    java.base@25.0.2/java.util.concurrent.ThreadPoolExecutor$Worker.run(ThreadPoolExecutor.java:614)
    java.base@25.0.2/java.lang.Thread.runWith(Thread.java:1487)
    java.base@25.0.2/java.lang.Thread.run(Thread.java:1474)
Thread InnocuousThread-1: RUNNABLE
  Stack:
    java.base@25.0.2/sun.nio.ch.Iocp.getQueuedCompletionStatus(Native Method)
    java.base@25.0.2/sun.nio.ch.Iocp$EventHandlerTask.run(Iocp.java:323)
    java.base@25.0.2/java.lang.Thread.runWith(Thread.java:1487)
    java.base@25.0.2/java.lang.Thread.run(Thread.java:1474)
    java.base@25.0.2/jdk.internal.misc.InnocuousThread.run(InnocuousThread.java:148)
Thread InnocuousThread-2: RUNNABLE
  Stack:
    java.base@25.0.2/sun.nio.ch.Iocp.getQueuedCompletionStatus(Native Method)
    java.base@25.0.2/sun.nio.ch.Iocp$EventHandlerTask.run(Iocp.java:323)
    java.base@25.0.2/sun.nio.ch.AsynchronousChannelGroupImpl$1.run(AsynchronousChannelGroupImpl.java:108)
    java.base@25.0.2/java.util.concurrent.ThreadPoolExecutor.runWorker(ThreadPoolExecutor.java:1090)
    java.base@25.0.2/java.util.concurrent.ThreadPoolExecutor$Worker.run(ThreadPoolExecutor.java:614)
    java.base@25.0.2/java.lang.Thread.runWith(Thread.java:1487)
    java.base@25.0.2/java.lang.Thread.run(Thread.java:1474)
    java.base@25.0.2/jdk.internal.misc.InnocuousThread.run(InnocuousThread.java:148)
Thread InnocuousThread-3: RUNNABLE
  Stack:
    java.base@25.0.2/sun.nio.ch.Iocp.getQueuedCompletionStatus(Native Method)
    java.base@25.0.2/sun.nio.ch.Iocp$EventHandlerTask.run(Iocp.java:323)
    java.base@25.0.2/sun.nio.ch.AsynchronousChannelGroupImpl$1.run(AsynchronousChannelGroupImpl.java:108)
    java.base@25.0.2/java.util.concurrent.ThreadPoolExecutor.runWorker(ThreadPoolExecutor.java:1090)
    java.base@25.0.2/java.util.concurrent.ThreadPoolExecutor$Worker.run(ThreadPoolExecutor.java:614)
    java.base@25.0.2/java.lang.Thread.runWith(Thread.java:1487)
    java.base@25.0.2/java.lang.Thread.run(Thread.java:1474)
    java.base@25.0.2/jdk.internal.misc.InnocuousThread.run(InnocuousThread.java:148)
Thread InnocuousThread-4: RUNNABLE
  Stack:
    java.base@25.0.2/sun.nio.ch.Iocp.getQueuedCompletionStatus(Native Method)
    java.base@25.0.2/sun.nio.ch.Iocp$EventHandlerTask.run(Iocp.java:323)
    java.base@25.0.2/sun.nio.ch.AsynchronousChannelGroupImpl$1.run(AsynchronousChannelGroupImpl.java:108)
    java.base@25.0.2/java.util.concurrent.ThreadPoolExecutor.runWorker(ThreadPoolExecutor.java:1090)
    java.base@25.0.2/java.util.concurrent.ThreadPoolExecutor$Worker.run(ThreadPoolExecutor.java:614)
    java.base@25.0.2/java.lang.Thread.runWith(Thread.java:1487)
    java.base@25.0.2/java.lang.Thread.run(Thread.java:1474)
    java.base@25.0.2/jdk.internal.misc.InnocuousThread.run(InnocuousThread.java:148)
Thread InnocuousThread-5: RUNNABLE
  Stack:
    java.base@25.0.2/sun.nio.ch.Iocp.getQueuedCompletionStatus(Native Method)
    java.base@25.0.2/sun.nio.ch.Iocp$EventHandlerTask.run(Iocp.java:323)
    java.base@25.0.2/sun.nio.ch.AsynchronousChannelGroupImpl$1.run(AsynchronousChannelGroupImpl.java:108)
    java.base@25.0.2/java.util.concurrent.ThreadPoolExecutor.runWorker(ThreadPoolExecutor.java:1090)
    java.base@25.0.2/java.util.concurrent.ThreadPoolExecutor$Worker.run(ThreadPoolExecutor.java:614)
    java.base@25.0.2/java.lang.Thread.runWith(Thread.java:1487)
    java.base@25.0.2/java.lang.Thread.run(Thread.java:1474)
    java.base@25.0.2/jdk.internal.misc.InnocuousThread.run(InnocuousThread.java:148)
Thread InnocuousThread-6: RUNNABLE
  Stack:
    java.base@25.0.2/sun.nio.ch.Iocp.getQueuedCompletionStatus(Native Method)
    java.base@25.0.2/sun.nio.ch.Iocp$EventHandlerTask.run(Iocp.java:323)
    java.base@25.0.2/sun.nio.ch.AsynchronousChannelGroupImpl$1.run(AsynchronousChannelGroupImpl.java:108)
    java.base@25.0.2/java.util.concurrent.ThreadPoolExecutor.runWorker(ThreadPoolExecutor.java:1090)
    java.base@25.0.2/java.util.concurrent.ThreadPoolExecutor$Worker.run(ThreadPoolExecutor.java:614)
    java.base@25.0.2/java.lang.Thread.runWith(Thread.java:1487)
    java.base@25.0.2/java.lang.Thread.run(Thread.java:1474)
    java.base@25.0.2/jdk.internal.misc.InnocuousThread.run(InnocuousThread.java:148)
Thread InnocuousThread-7: RUNNABLE
  Stack:
    java.base@25.0.2/sun.nio.ch.Iocp.getQueuedCompletionStatus(Native Method)
    java.base@25.0.2/sun.nio.ch.Iocp$EventHandlerTask.run(Iocp.java:323)
    java.base@25.0.2/sun.nio.ch.AsynchronousChannelGroupImpl$1.run(AsynchronousChannelGroupImpl.java:108)
    java.base@25.0.2/java.util.concurrent.ThreadPoolExecutor.runWorker(ThreadPoolExecutor.java:1090)
    java.base@25.0.2/java.util.concurrent.ThreadPoolExecutor$Worker.run(ThreadPoolExecutor.java:614)
    java.base@25.0.2/java.lang.Thread.runWith(Thread.java:1487)
    java.base@25.0.2/java.lang.Thread.run(Thread.java:1474)
    java.base@25.0.2/jdk.internal.misc.InnocuousThread.run(InnocuousThread.java:148)
Thread InnocuousThread-8: RUNNABLE
  Stack:
    java.base@25.0.2/sun.nio.ch.Iocp.getQueuedCompletionStatus(Native Method)
    java.base@25.0.2/sun.nio.ch.Iocp$EventHandlerTask.run(Iocp.java:323)
    java.base@25.0.2/sun.nio.ch.AsynchronousChannelGroupImpl$1.run(AsynchronousChannelGroupImpl.java:108)
    java.base@25.0.2/java.util.concurrent.ThreadPoolExecutor.runWorker(ThreadPoolExecutor.java:1090)
    java.base@25.0.2/java.util.concurrent.ThreadPoolExecutor$Worker.run(ThreadPoolExecutor.java:614)
    java.base@25.0.2/java.lang.Thread.runWith(Thread.java:1487)
    java.base@25.0.2/java.lang.Thread.run(Thread.java:1474)
    java.base@25.0.2/jdk.internal.misc.InnocuousThread.run(InnocuousThread.java:148)
Thread InnocuousThread-9: RUNNABLE
  Stack:
    java.base@25.0.2/sun.nio.ch.Iocp.getQueuedCompletionStatus(Native Method)
    java.base@25.0.2/sun.nio.ch.Iocp$EventHandlerTask.run(Iocp.java:323)
    java.base@25.0.2/sun.nio.ch.AsynchronousChannelGroupImpl$1.run(AsynchronousChannelGroupImpl.java:108)
    java.base@25.0.2/java.util.concurrent.ThreadPoolExecutor.runWorker(ThreadPoolExecutor.java:1090)
    java.base@25.0.2/java.util.concurrent.ThreadPoolExecutor$Worker.run(ThreadPoolExecutor.java:614)
    java.base@25.0.2/java.lang.Thread.runWith(Thread.java:1487)
    java.base@25.0.2/java.lang.Thread.run(Thread.java:1474)
    java.base@25.0.2/jdk.internal.misc.InnocuousThread.run(InnocuousThread.java:148)
Thread InnocuousThread-10: RUNNABLE
  Stack:
    java.base@25.0.2/sun.nio.ch.Iocp.getQueuedCompletionStatus(Native Method)
    java.base@25.0.2/sun.nio.ch.Iocp$EventHandlerTask.run(Iocp.java:323)
    java.base@25.0.2/sun.nio.ch.AsynchronousChannelGroupImpl$1.run(AsynchronousChannelGroupImpl.java:108)
    java.base@25.0.2/java.util.concurrent.ThreadPoolExecutor.runWorker(ThreadPoolExecutor.java:1090)
    java.base@25.0.2/java.util.concurrent.ThreadPoolExecutor$Worker.run(ThreadPoolExecutor.java:614)
    java.base@25.0.2/java.lang.Thread.runWith(Thread.java:1487)
    java.base@25.0.2/java.lang.Thread.run(Thread.java:1474)
    java.base@25.0.2/jdk.internal.misc.InnocuousThread.run(InnocuousThread.java:148)
Thread InnocuousThread-11: RUNNABLE
  Stack:
    java.base@25.0.2/sun.nio.ch.Iocp.getQueuedCompletionStatus(Native Method)
    java.base@25.0.2/sun.nio.ch.Iocp$EventHandlerTask.run(Iocp.java:323)
    java.base@25.0.2/sun.nio.ch.AsynchronousChannelGroupImpl$1.run(AsynchronousChannelGroupImpl.java:108)
    java.base@25.0.2/java.util.concurrent.ThreadPoolExecutor.runWorker(ThreadPoolExecutor.java:1090)
    java.base@25.0.2/java.util.concurrent.ThreadPoolExecutor$Worker.run(ThreadPoolExecutor.java:614)
    java.base@25.0.2/java.lang.Thread.runWith(Thread.java:1487)
    java.base@25.0.2/java.lang.Thread.run(Thread.java:1474)
    java.base@25.0.2/jdk.internal.misc.InnocuousThread.run(InnocuousThread.java:148)
Thread InnocuousThread-12: RUNNABLE
  Stack:
    java.base@25.0.2/sun.nio.ch.Iocp.getQueuedCompletionStatus(Native Method)
    java.base@25.0.2/sun.nio.ch.Iocp$EventHandlerTask.run(Iocp.java:323)
    java.base@25.0.2/sun.nio.ch.AsynchronousChannelGroupImpl$1.run(AsynchronousChannelGroupImpl.java:108)
    java.base@25.0.2/java.util.concurrent.ThreadPoolExecutor.runWorker(ThreadPoolExecutor.java:1090)
    java.base@25.0.2/java.util.concurrent.ThreadPoolExecutor$Worker.run(ThreadPoolExecutor.java:614)
    java.base@25.0.2/java.lang.Thread.runWith(Thread.java:1487)
    java.base@25.0.2/java.lang.Thread.run(Thread.java:1474)
    java.base@25.0.2/jdk.internal.misc.InnocuousThread.run(InnocuousThread.java:148)
Thread InnocuousThread-13: RUNNABLE
  Stack:
    java.base@25.0.2/sun.nio.ch.Iocp.getQueuedCompletionStatus(Native Method)
    java.base@25.0.2/sun.nio.ch.Iocp$EventHandlerTask.run(Iocp.java:323)
    java.base@25.0.2/sun.nio.ch.AsynchronousChannelGroupImpl$1.run(AsynchronousChannelGroupImpl.java:108)
    java.base@25.0.2/java.util.concurrent.ThreadPoolExecutor.runWorker(ThreadPoolExecutor.java:1090)
    java.base@25.0.2/java.util.concurrent.ThreadPoolExecutor$Worker.run(ThreadPoolExecutor.java:614)
    java.base@25.0.2/java.lang.Thread.runWith(Thread.java:1487)
    java.base@25.0.2/java.lang.Thread.run(Thread.java:1474)
    java.base@25.0.2/jdk.internal.misc.InnocuousThread.run(InnocuousThread.java:148)
Thread InnocuousThread-14: RUNNABLE
  Stack:
    java.base@25.0.2/sun.nio.ch.Iocp.getQueuedCompletionStatus(Native Method)
    java.base@25.0.2/sun.nio.ch.Iocp$EventHandlerTask.run(Iocp.java:323)
    java.base@25.0.2/sun.nio.ch.AsynchronousChannelGroupImpl$1.run(AsynchronousChannelGroupImpl.java:108)
    java.base@25.0.2/java.util.concurrent.ThreadPoolExecutor.runWorker(ThreadPoolExecutor.java:1090)
    java.base@25.0.2/java.util.concurrent.ThreadPoolExecutor$Worker.run(ThreadPoolExecutor.java:614)
    java.base@25.0.2/java.lang.Thread.runWith(Thread.java:1487)
    java.base@25.0.2/java.lang.Thread.run(Thread.java:1474)
    java.base@25.0.2/jdk.internal.misc.InnocuousThread.run(InnocuousThread.java:148)
Thread InnocuousThread-15: RUNNABLE
  Stack:
    java.base@25.0.2/sun.nio.ch.Iocp.getQueuedCompletionStatus(Native Method)
    java.base@25.0.2/sun.nio.ch.Iocp$EventHandlerTask.run(Iocp.java:323)
    java.base@25.0.2/sun.nio.ch.AsynchronousChannelGroupImpl$1.run(AsynchronousChannelGroupImpl.java:108)
    java.base@25.0.2/java.util.concurrent.ThreadPoolExecutor.runWorker(ThreadPoolExecutor.java:1090)
    java.base@25.0.2/java.util.concurrent.ThreadPoolExecutor$Worker.run(ThreadPoolExecutor.java:614)
    java.base@25.0.2/java.lang.Thread.runWith(Thread.java:1487)
    java.base@25.0.2/java.lang.Thread.run(Thread.java:1474)
    java.base@25.0.2/jdk.internal.misc.InnocuousThread.run(InnocuousThread.java:148)
Thread InnocuousThread-16: RUNNABLE
  Stack:
    java.base@25.0.2/sun.nio.ch.Iocp.getQueuedCompletionStatus(Native Method)
    java.base@25.0.2/sun.nio.ch.Iocp$EventHandlerTask.run(Iocp.java:323)
    java.base@25.0.2/sun.nio.ch.AsynchronousChannelGroupImpl$1.run(AsynchronousChannelGroupImpl.java:108)
    java.base@25.0.2/java.util.concurrent.ThreadPoolExecutor.runWorker(ThreadPoolExecutor.java:1090)
    java.base@25.0.2/java.util.concurrent.ThreadPoolExecutor$Worker.run(ThreadPoolExecutor.java:614)
    java.base@25.0.2/java.lang.Thread.runWith(Thread.java:1487)
    java.base@25.0.2/java.lang.Thread.run(Thread.java:1474)
    java.base@25.0.2/jdk.internal.misc.InnocuousThread.run(InnocuousThread.java:148)
Thread InnocuousThread-17: RUNNABLE
  Stack:
    java.base@25.0.2/sun.nio.ch.Iocp.getQueuedCompletionStatus(Native Method)
    java.base@25.0.2/sun.nio.ch.Iocp$EventHandlerTask.run(Iocp.java:323)
    java.base@25.0.2/sun.nio.ch.AsynchronousChannelGroupImpl$1.run(AsynchronousChannelGroupImpl.java:108)
    java.base@25.0.2/java.util.concurrent.ThreadPoolExecutor.runWorker(ThreadPoolExecutor.java:1090)
    java.base@25.0.2/java.util.concurrent.ThreadPoolExecutor$Worker.run(ThreadPoolExecutor.java:614)
    java.base@25.0.2/java.lang.Thread.runWith(Thread.java:1487)
    java.base@25.0.2/java.lang.Thread.run(Thread.java:1474)
    java.base@25.0.2/jdk.internal.misc.InnocuousThread.run(InnocuousThread.java:148)
Thread testcontainers-ryuk: TIMED_WAITING
  Stack:
    java.base@25.0.2/java.lang.Object.wait0(Native Method)
    java.base@25.0.2/java.lang.Object.wait(Object.java:389)
    org.testcontainers.utility.RyukResourceReaper.lambda$maybeStart$0(RyukResourceReaper.java:102)
    org.testcontainers.utility.RyukResourceReaper$$Lambda/0x0000000034c7baf0.run(Unknown Source)
    org.rnorth.ducttape.ratelimits.RateLimiter.doWhenReady(RateLimiter.java:27)
    org.testcontainers.utility.RyukResourceReaper.lambda$maybeStart$1(RyukResourceReaper.java:88)
    org.testcontainers.utility.RyukResourceReaper$$Lambda/0x0000000034c7b8c0.run(Unknown Source)
    java.base@25.0.2/java.lang.Thread.runWith(Thread.java:1487)
    java.base@25.0.2/java.lang.Thread.run(Thread.java:1474)
Thread executor-thread-1: TIMED_WAITING
  Stack:
    java.base@25.0.2/jdk.internal.misc.Unsafe.park(Native Method)
    java.base@25.0.2/java.util.concurrent.locks.LockSupport.parkNanos(LockSupport.java:271)
    org.jboss.threads.EnhancedQueueExecutor$PoolThreadNode.park(EnhancedQueueExecutor.java:2434)
    org.jboss.threads.EnhancedQueueExecutor.runThreadBody(EnhancedQueueExecutor.java:1668)
    org.jboss.threads.EnhancedQueueExecutor$ThreadBody.run(EnhancedQueueExecutor.java:1589)
    org.jboss.threads.DelegatingRunnable.run(DelegatingRunnable.java:11)
    org.jboss.threads.ThreadLocalResettingRunnable.run(ThreadLocalResettingRunnable.java:11)
    io.netty.util.concurrent.FastThreadLocalRunnable.run(FastThreadLocalRunnable.java:30)
    java.base@25.0.2/java.lang.Thread.runWith(Thread.java:1487)
    java.base@25.0.2/java.lang.Thread.run(Thread.java:1474)
Thread vertx-blocked-thread-checker: TIMED_WAITING
  Stack:
    java.base@25.0.2/java.lang.Object.wait0(Native Method)
    java.base@25.0.2/java.lang.Object.wait(Object.java:389)
    java.base@25.0.2/java.util.TimerThread.mainLoop(Timer.java:569)
    java.base@25.0.2/java.util.TimerThread.run(Timer.java:522)
Thread vert.x-eventloop-thread-0: RUNNABLE
  Stack:
    java.base@25.0.2/sun.nio.ch.WEPoll.wait(Native Method)
    java.base@25.0.2/sun.nio.ch.WEPollSelectorImpl.doSelect(WEPollSelectorImpl.java:108)
    java.base@25.0.2/sun.nio.ch.SelectorImpl.lockAndDoSelect(SelectorImpl.java:130)
    java.base@25.0.2/sun.nio.ch.SelectorImpl.select(SelectorImpl.java:142)
    io.netty.channel.nio.SelectedSelectionKeySetSelector.select(SelectedSelectionKeySetSelector.java:62)
    io.netty.channel.nio.NioEventLoop.select(NioEventLoop.java:891)
    io.netty.channel.nio.NioEventLoop.run(NioEventLoop.java:526)
    io.netty.util.concurrent.SingleThreadEventExecutor$4.run(SingleThreadEventExecutor.java:998)
    io.netty.util.internal.ThreadExecutorMap$2.run(ThreadExecutorMap.java:74)
    io.netty.util.concurrent.FastThreadLocalRunnable.run(FastThreadLocalRunnable.java:30)
    java.base@25.0.2/java.lang.Thread.runWith(Thread.java:1487)
    java.base@25.0.2/java.lang.Thread.run(Thread.java:1474)
Thread executor-thread-0 (scheduler): TIMED_WAITING
  Stack:
    java.base@25.0.2/jdk.internal.misc.Unsafe.park(Native Method)
    java.base@25.0.2/java.util.concurrent.locks.LockSupport.parkNanos(LockSupport.java:271)
    java.base@25.0.2/java.util.concurrent.locks.AbstractQueuedSynchronizer$ConditionObject.awaitNanos(AbstractQueuedSynchronizer.java:1803)
    org.jboss.threads.EnhancedQueueExecutor$SchedulerTask.run(EnhancedQueueExecutor.java:3225)
    org.jboss.threads.DelegatingRunnable.run(DelegatingRunnable.java:11)
    org.jboss.threads.ThreadLocalResettingRunnable.run(ThreadLocalResettingRunnable.java:11)
    io.netty.util.concurrent.FastThreadLocalRunnable.run(FastThreadLocalRunnable.java:30)
    java.base@25.0.2/java.lang.Thread.runWith(Thread.java:1487)
    java.base@25.0.2/java.lang.Thread.run(Thread.java:1474)
Thread BatchLogRecordProcessor_WorkerThread-1: TIMED_WAITING
  Stack:
    java.base@25.0.2/jdk.internal.misc.Unsafe.park(Native Method)
    java.base@25.0.2/java.util.concurrent.locks.LockSupport.parkNanos(LockSupport.java:271)
    java.base@25.0.2/java.util.concurrent.locks.AbstractQueuedSynchronizer$ConditionObject.awaitNanos(AbstractQueuedSynchronizer.java:1803)
    java.base@25.0.2/java.util.concurrent.ArrayBlockingQueue.poll(ArrayBlockingQueue.java:436)
    io.opentelemetry.sdk.logs.export.BatchLogRecordProcessor$Worker.run(BatchLogRecordProcessor.java:218)
    java.base@25.0.2/java.lang.Thread.runWith(Thread.java:1487)
    java.base@25.0.2/java.lang.Thread.run(Thread.java:1474)
Thread mysql-cj-abandoned-connection-cleanup: TIMED_WAITING
  Stack:
    java.base@25.0.2/java.lang.Object.wait0(Native Method)
    java.base@25.0.2/java.lang.Object.wait(Object.java:389)
    java.base@25.0.2/java.lang.ref.ReferenceQueue.remove0(ReferenceQueue.java:123)
    java.base@25.0.2/java.lang.ref.ReferenceQueue.remove(ReferenceQueue.java:201)
    com.mysql.cj.jdbc.AbandonedConnectionCleanupThread.run(AbandonedConnectionCleanupThread.java:84)
    java.base@25.0.2/java.util.concurrent.ThreadPoolExecutor.runWorker(ThreadPoolExecutor.java:1090)
    java.base@25.0.2/java.util.concurrent.ThreadPoolExecutor$Worker.run(ThreadPoolExecutor.java:614)
    java.base@25.0.2/java.lang.Thread.runWith(Thread.java:1487)
    java.base@25.0.2/java.lang.Thread.run(Thread.java:1474)
Thread agroal-11: TIMED_WAITING
  Stack:
    java.base@25.0.2/jdk.internal.misc.Unsafe.park(Native Method)
    java.base@25.0.2/java.util.concurrent.locks.LockSupport.parkNanos(LockSupport.java:271)
    java.base@25.0.2/java.util.concurrent.locks.AbstractQueuedSynchronizer$ConditionObject.awaitNanos(AbstractQueuedSynchronizer.java:1803)
    java.base@25.0.2/java.util.concurrent.ScheduledThreadPoolExecutor$DelayedWorkQueue.take(ScheduledThreadPoolExecutor.java:1166)
    java.base@25.0.2/java.util.concurrent.ScheduledThreadPoolExecutor$DelayedWorkQueue.take(ScheduledThreadPoolExecutor.java:883)
    java.base@25.0.2/java.util.concurrent.ThreadPoolExecutor.getTask(ThreadPoolExecutor.java:1016)
    java.base@25.0.2/java.util.concurrent.ThreadPoolExecutor.runWorker(ThreadPoolExecutor.java:1076)
    java.base@25.0.2/java.util.concurrent.ThreadPoolExecutor$Worker.run(ThreadPoolExecutor.java:614)
    java.base@25.0.2/java.lang.Thread.runWith(Thread.java:1487)
    java.base@25.0.2/java.lang.Thread.run(Thread.java:1474)
Thread Cleaner-0: TIMED_WAITING
  Stack:
    java.base@25.0.2/java.lang.Object.wait0(Native Method)
    java.base@25.0.2/java.lang.Object.wait(Object.java:389)
    java.base@25.0.2/java.lang.ref.ReferenceQueue.remove0(ReferenceQueue.java:123)
    java.base@25.0.2/java.lang.ref.ReferenceQueue.remove(ReferenceQueue.java:201)
    java.base@25.0.2/jdk.internal.ref.CleanerImpl.run(CleanerImpl.java:146)
    java.base@25.0.2/java.lang.Thread.runWith(Thread.java:1487)
    java.base@25.0.2/java.lang.Thread.run(Thread.java:1474)
    java.base@25.0.2/jdk.internal.misc.InnocuousThread.run(InnocuousThread.java:148)
Thread vert.x-eventloop-thread-1: RUNNABLE
  Stack:
    java.base@25.0.2/sun.nio.ch.WEPoll.wait(Native Method)
    java.base@25.0.2/sun.nio.ch.WEPollSelectorImpl.doSelect(WEPollSelectorImpl.java:108)
    java.base@25.0.2/sun.nio.ch.SelectorImpl.lockAndDoSelect(SelectorImpl.java:130)
    java.base@25.0.2/sun.nio.ch.SelectorImpl.select(SelectorImpl.java:147)
    io.netty.channel.nio.SelectedSelectionKeySetSelector.select(SelectedSelectionKeySetSelector.java:68)
    io.netty.channel.nio.NioEventLoop.select(NioEventLoop.java:887)
    io.netty.channel.nio.NioEventLoop.run(NioEventLoop.java:526)
    io.netty.util.concurrent.SingleThreadEventExecutor$4.run(SingleThreadEventExecutor.java:998)
    io.netty.util.internal.ThreadExecutorMap$2.run(ThreadExecutorMap.java:74)
    io.netty.util.concurrent.FastThreadLocalRunnable.run(FastThreadLocalRunnable.java:30)
    java.base@25.0.2/java.lang.Thread.runWith(Thread.java:1487)
    java.base@25.0.2/java.lang.Thread.run(Thread.java:1474)
Thread vert.x-eventloop-thread-2: RUNNABLE
  Stack:
    java.base@25.0.2/sun.nio.ch.WEPoll.wait(Native Method)
    java.base@25.0.2/sun.nio.ch.WEPollSelectorImpl.doSelect(WEPollSelectorImpl.java:108)
    java.base@25.0.2/sun.nio.ch.SelectorImpl.lockAndDoSelect(SelectorImpl.java:130)
    java.base@25.0.2/sun.nio.ch.SelectorImpl.select(SelectorImpl.java:147)
    io.netty.channel.nio.SelectedSelectionKeySetSelector.select(SelectedSelectionKeySetSelector.java:68)
    io.netty.channel.nio.NioEventLoop.select(NioEventLoop.java:887)
    io.netty.channel.nio.NioEventLoop.run(NioEventLoop.java:526)
    io.netty.util.concurrent.SingleThreadEventExecutor$4.run(SingleThreadEventExecutor.java:998)
    io.netty.util.internal.ThreadExecutorMap$2.run(ThreadExecutorMap.java:74)
    io.netty.util.concurrent.FastThreadLocalRunnable.run(FastThreadLocalRunnable.java:30)
    java.base@25.0.2/java.lang.Thread.runWith(Thread.java:1487)
    java.base@25.0.2/java.lang.Thread.run(Thread.java:1474)
Thread vert.x-eventloop-thread-3: RUNNABLE
  Stack:
    java.base@25.0.2/sun.nio.ch.WEPoll.wait(Native Method)
    java.base@25.0.2/sun.nio.ch.WEPollSelectorImpl.doSelect(WEPollSelectorImpl.java:108)
    java.base@25.0.2/sun.nio.ch.SelectorImpl.lockAndDoSelect(SelectorImpl.java:130)
    java.base@25.0.2/sun.nio.ch.SelectorImpl.select(SelectorImpl.java:147)
    io.netty.channel.nio.SelectedSelectionKeySetSelector.select(SelectedSelectionKeySetSelector.java:68)
    io.netty.channel.nio.NioEventLoop.select(NioEventLoop.java:887)
    io.netty.channel.nio.NioEventLoop.run(NioEventLoop.java:526)
    io.netty.util.concurrent.SingleThreadEventExecutor$4.run(SingleThreadEventExecutor.java:998)
    io.netty.util.internal.ThreadExecutorMap$2.run(ThreadExecutorMap.java:74)
    io.netty.util.concurrent.FastThreadLocalRunnable.run(FastThreadLocalRunnable.java:30)
    java.base@25.0.2/java.lang.Thread.runWith(Thread.java:1487)
    java.base@25.0.2/java.lang.Thread.run(Thread.java:1474)
Thread vert.x-eventloop-thread-4: RUNNABLE
  Stack:
    java.base@25.0.2/sun.nio.ch.WEPoll.wait(Native Method)
    java.base@25.0.2/sun.nio.ch.WEPollSelectorImpl.doSelect(WEPollSelectorImpl.java:108)
    java.base@25.0.2/sun.nio.ch.SelectorImpl.lockAndDoSelect(SelectorImpl.java:130)
    java.base@25.0.2/sun.nio.ch.SelectorImpl.select(SelectorImpl.java:147)
    io.netty.channel.nio.SelectedSelectionKeySetSelector.select(SelectedSelectionKeySetSelector.java:68)
    io.netty.channel.nio.NioEventLoop.select(NioEventLoop.java:887)
    io.netty.channel.nio.NioEventLoop.run(NioEventLoop.java:526)
    io.netty.util.concurrent.SingleThreadEventExecutor$4.run(SingleThreadEventExecutor.java:998)
    io.netty.util.internal.ThreadExecutorMap$2.run(ThreadExecutorMap.java:74)
    io.netty.util.concurrent.FastThreadLocalRunnable.run(FastThreadLocalRunnable.java:30)
    java.base@25.0.2/java.lang.Thread.runWith(Thread.java:1487)
    java.base@25.0.2/java.lang.Thread.run(Thread.java:1474)
Thread vert.x-eventloop-thread-5: RUNNABLE
  Stack:
    java.base@25.0.2/sun.nio.ch.WEPoll.wait(Native Method)
    java.base@25.0.2/sun.nio.ch.WEPollSelectorImpl.doSelect(WEPollSelectorImpl.java:108)
    java.base@25.0.2/sun.nio.ch.SelectorImpl.lockAndDoSelect(SelectorImpl.java:130)
    java.base@25.0.2/sun.nio.ch.SelectorImpl.select(SelectorImpl.java:147)
    io.netty.channel.nio.SelectedSelectionKeySetSelector.select(SelectedSelectionKeySetSelector.java:68)
    io.netty.channel.nio.NioEventLoop.select(NioEventLoop.java:887)
    io.netty.channel.nio.NioEventLoop.run(NioEventLoop.java:526)
    io.netty.util.concurrent.SingleThreadEventExecutor$4.run(SingleThreadEventExecutor.java:998)
    io.netty.util.internal.ThreadExecutorMap$2.run(ThreadExecutorMap.java:74)
    io.netty.util.concurrent.FastThreadLocalRunnable.run(FastThreadLocalRunnable.java:30)
    java.base@25.0.2/java.lang.Thread.runWith(Thread.java:1487)
    java.base@25.0.2/java.lang.Thread.run(Thread.java:1474)
Thread vert.x-eventloop-thread-6: RUNNABLE
  Stack:
    java.base@25.0.2/sun.nio.ch.WEPoll.wait(Native Method)
    java.base@25.0.2/sun.nio.ch.WEPollSelectorImpl.doSelect(WEPollSelectorImpl.java:108)
    java.base@25.0.2/sun.nio.ch.SelectorImpl.lockAndDoSelect(SelectorImpl.java:130)
    java.base@25.0.2/sun.nio.ch.SelectorImpl.select(SelectorImpl.java:147)
    io.netty.channel.nio.SelectedSelectionKeySetSelector.select(SelectedSelectionKeySetSelector.java:68)
    io.netty.channel.nio.NioEventLoop.select(NioEventLoop.java:887)
    io.netty.channel.nio.NioEventLoop.run(NioEventLoop.java:526)
    io.netty.util.concurrent.SingleThreadEventExecutor$4.run(SingleThreadEventExecutor.java:998)
    io.netty.util.internal.ThreadExecutorMap$2.run(ThreadExecutorMap.java:74)
    io.netty.util.concurrent.FastThreadLocalRunnable.run(FastThreadLocalRunnable.java:30)
    java.base@25.0.2/java.lang.Thread.runWith(Thread.java:1487)
    java.base@25.0.2/java.lang.Thread.run(Thread.java:1474)
Thread vert.x-eventloop-thread-7: RUNNABLE
  Stack:
    java.base@25.0.2/sun.nio.ch.WEPoll.wait(Native Method)
    java.base@25.0.2/sun.nio.ch.WEPollSelectorImpl.doSelect(WEPollSelectorImpl.java:108)
    java.base@25.0.2/sun.nio.ch.SelectorImpl.lockAndDoSelect(SelectorImpl.java:130)
    java.base@25.0.2/sun.nio.ch.SelectorImpl.select(SelectorImpl.java:147)
    io.netty.channel.nio.SelectedSelectionKeySetSelector.select(SelectedSelectionKeySetSelector.java:68)
    io.netty.channel.nio.NioEventLoop.select(NioEventLoop.java:887)
    io.netty.channel.nio.NioEventLoop.run(NioEventLoop.java:526)
    io.netty.util.concurrent.SingleThreadEventExecutor$4.run(SingleThreadEventExecutor.java:998)
    io.netty.util.internal.ThreadExecutorMap$2.run(ThreadExecutorMap.java:74)
    io.netty.util.concurrent.FastThreadLocalRunnable.run(FastThreadLocalRunnable.java:30)
    java.base@25.0.2/java.lang.Thread.runWith(Thread.java:1487)
    java.base@25.0.2/java.lang.Thread.run(Thread.java:1474)
Thread vert.x-eventloop-thread-8: RUNNABLE
  Stack:
    java.base@25.0.2/sun.nio.ch.WEPoll.wait(Native Method)
    java.base@25.0.2/sun.nio.ch.WEPollSelectorImpl.doSelect(WEPollSelectorImpl.java:108)
    java.base@25.0.2/sun.nio.ch.SelectorImpl.lockAndDoSelect(SelectorImpl.java:130)
    java.base@25.0.2/sun.nio.ch.SelectorImpl.select(SelectorImpl.java:147)
    io.netty.channel.nio.SelectedSelectionKeySetSelector.select(SelectedSelectionKeySetSelector.java:68)
    io.netty.channel.nio.NioEventLoop.select(NioEventLoop.java:887)
    io.netty.channel.nio.NioEventLoop.run(NioEventLoop.java:526)
    io.netty.util.concurrent.SingleThreadEventExecutor$4.run(SingleThreadEventExecutor.java:998)
    io.netty.util.internal.ThreadExecutorMap$2.run(ThreadExecutorMap.java:74)
    io.netty.util.concurrent.FastThreadLocalRunnable.run(FastThreadLocalRunnable.java:30)
    java.base@25.0.2/java.lang.Thread.runWith(Thread.java:1487)
    java.base@25.0.2/java.lang.Thread.run(Thread.java:1474)
Thread vert.x-eventloop-thread-9: RUNNABLE
  Stack:
    java.base@25.0.2/sun.nio.ch.WEPoll.wait(Native Method)
    java.base@25.0.2/sun.nio.ch.WEPollSelectorImpl.doSelect(WEPollSelectorImpl.java:108)
    java.base@25.0.2/sun.nio.ch.SelectorImpl.lockAndDoSelect(SelectorImpl.java:130)
    java.base@25.0.2/sun.nio.ch.SelectorImpl.select(SelectorImpl.java:147)
    io.netty.channel.nio.SelectedSelectionKeySetSelector.select(SelectedSelectionKeySetSelector.java:68)
    io.netty.channel.nio.NioEventLoop.select(NioEventLoop.java:887)
    io.netty.channel.nio.NioEventLoop.run(NioEventLoop.java:526)
    io.netty.util.concurrent.SingleThreadEventExecutor$4.run(SingleThreadEventExecutor.java:998)
    io.netty.util.internal.ThreadExecutorMap$2.run(ThreadExecutorMap.java:74)
    io.netty.util.concurrent.FastThreadLocalRunnable.run(FastThreadLocalRunnable.java:30)
    java.base@25.0.2/java.lang.Thread.runWith(Thread.java:1487)
    java.base@25.0.2/java.lang.Thread.run(Thread.java:1474)
Thread vert.x-eventloop-thread-10: RUNNABLE
  Stack:
    java.base@25.0.2/sun.nio.ch.WEPoll.wait(Native Method)
    java.base@25.0.2/sun.nio.ch.WEPollSelectorImpl.doSelect(WEPollSelectorImpl.java:108)
    java.base@25.0.2/sun.nio.ch.SelectorImpl.lockAndDoSelect(SelectorImpl.java:130)
    java.base@25.0.2/sun.nio.ch.SelectorImpl.select(SelectorImpl.java:147)
    io.netty.channel.nio.SelectedSelectionKeySetSelector.select(SelectedSelectionKeySetSelector.java:68)
    io.netty.channel.nio.NioEventLoop.select(NioEventLoop.java:887)
    io.netty.channel.nio.NioEventLoop.run(NioEventLoop.java:526)
    io.netty.util.concurrent.SingleThreadEventExecutor$4.run(SingleThreadEventExecutor.java:998)
    io.netty.util.internal.ThreadExecutorMap$2.run(ThreadExecutorMap.java:74)
    io.netty.util.concurrent.FastThreadLocalRunnable.run(FastThreadLocalRunnable.java:30)
    java.base@25.0.2/java.lang.Thread.runWith(Thread.java:1487)
    java.base@25.0.2/java.lang.Thread.run(Thread.java:1474)
Thread vert.x-eventloop-thread-11: RUNNABLE
  Stack:
    java.base@25.0.2/sun.nio.ch.WEPoll.wait(Native Method)
    java.base@25.0.2/sun.nio.ch.WEPollSelectorImpl.doSelect(WEPollSelectorImpl.java:108)
    java.base@25.0.2/sun.nio.ch.SelectorImpl.lockAndDoSelect(SelectorImpl.java:130)
    java.base@25.0.2/sun.nio.ch.SelectorImpl.select(SelectorImpl.java:147)
    io.netty.channel.nio.SelectedSelectionKeySetSelector.select(SelectedSelectionKeySetSelector.java:68)
    io.netty.channel.nio.NioEventLoop.select(NioEventLoop.java:887)
    io.netty.channel.nio.NioEventLoop.run(NioEventLoop.java:526)
    io.netty.util.concurrent.SingleThreadEventExecutor$4.run(SingleThreadEventExecutor.java:998)
    io.netty.util.internal.ThreadExecutorMap$2.run(ThreadExecutorMap.java:74)
    io.netty.util.concurrent.FastThreadLocalRunnable.run(FastThreadLocalRunnable.java:30)
    java.base@25.0.2/java.lang.Thread.runWith(Thread.java:1487)
    java.base@25.0.2/java.lang.Thread.run(Thread.java:1474)
Thread vert.x-eventloop-thread-12: RUNNABLE
  Stack:
    java.base@25.0.2/sun.nio.ch.WEPoll.wait(Native Method)
    java.base@25.0.2/sun.nio.ch.WEPollSelectorImpl.doSelect(WEPollSelectorImpl.java:108)
    java.base@25.0.2/sun.nio.ch.SelectorImpl.lockAndDoSelect(SelectorImpl.java:130)
    java.base@25.0.2/sun.nio.ch.SelectorImpl.select(SelectorImpl.java:147)
    io.netty.channel.nio.SelectedSelectionKeySetSelector.select(SelectedSelectionKeySetSelector.java:68)
    io.netty.channel.nio.NioEventLoop.select(NioEventLoop.java:887)
    io.netty.channel.nio.NioEventLoop.run(NioEventLoop.java:526)
    io.netty.util.concurrent.SingleThreadEventExecutor$4.run(SingleThreadEventExecutor.java:998)
    io.netty.util.internal.ThreadExecutorMap$2.run(ThreadExecutorMap.java:74)
    io.netty.util.concurrent.FastThreadLocalRunnable.run(FastThreadLocalRunnable.java:30)
    java.base@25.0.2/java.lang.Thread.runWith(Thread.java:1487)
    java.base@25.0.2/java.lang.Thread.run(Thread.java:1474)
Thread vert.x-eventloop-thread-13: RUNNABLE
  Stack:
    java.base@25.0.2/sun.nio.ch.WEPoll.wait(Native Method)
    java.base@25.0.2/sun.nio.ch.WEPollSelectorImpl.doSelect(WEPollSelectorImpl.java:108)
    java.base@25.0.2/sun.nio.ch.SelectorImpl.lockAndDoSelect(SelectorImpl.java:130)
[...]
    com.fasterxml.jackson.databind.deser.BeanDeserializer.deserializeFromObject(BeanDeserializer.java:340)
    com.fasterxml.jackson.databind.deser.BeanDeserializer.deserialize(BeanDeserializer.java:177)
    com.fasterxml.jackson.databind.deser.std.CollectionDeserializer._deserializeNoNullChecks(CollectionDeserializer.java:545)
    com.fasterxml.jackson.databind.deser.std.CollectionDeserializer._deserializeFromArray(CollectionDeserializer.java:358)
    com.fasterxml.jackson.databind.deser.std.CollectionDeserializer.deserialize(CollectionDeserializer.java:245)
    com.fasterxml.jackson.databind.deser.std.CollectionDeserializer.deserialize(CollectionDeserializer.java:29)
    com.fasterxml.jackson.databind.deser.SettableBeanProperty.deserialize(SettableBeanProperty.java:562)
    com.fasterxml.jackson.databind.deser.BeanDeserializer._deserializeWithErrorWrapping(BeanDeserializer.java:608)
    com.fasterxml.jackson.databind.deser.BeanDeserializer._deserializeUsingPropertyBased(BeanDeserializer.java:446)
    com.fasterxml.jackson.databind.deser.BeanDeserializerBase.deserializeFromObjectUsingNonDefault(BeanDeserializerBase.java:1499)
    com.fasterxml.jackson.databind.deser.BeanDeserializer.deserializeFromObject(BeanDeserializer.java:340)
    com.fasterxml.jackson.databind.deser.BeanDeserializer.deserialize(BeanDeserializer.java:177)
    com.fasterxml.jackson.databind.deser.DefaultDeserializationContext.readRootValue(DefaultDeserializationContext.java:342)
    com.fasterxml.jackson.databind.ObjectMapper._readMapAndClose(ObjectMapper.java:5052)
    com.fasterxml.jackson.databind.ObjectMapper.readValue(ObjectMapper.java:3954)
    com.fasterxml.jackson.databind.ObjectMapper.readValue(ObjectMapper.java:3922)
    com.integrationhub.platform.provider.task.payments.swift.Mt101FragmentStore.fromJson(Mt101FragmentStore.java:476)
    com.integrationhub.platform.provider.task.payments.swift.Mt101FragmentStore.forEachPage(Mt101FragmentStore.java:208)
    com.integrationhub.platform.provider.task.payments.swift.Mt101FragmentStore_ClientProxy.forEachPage(Unknown Source)
    com.integrationhub.platform.provider.task.payments.swift.Mt101ArchiveTaskProvider.execute(Mt101ArchiveTaskProvider.java:159)
    com.integrationhub.platform.provider.task.payments.swift.Mt101ArchiveTaskProvider_Subclass.execute$$superforward(Unknown Source)
    com.integrationhub.platform.provider.task.payments.swift.Mt101ArchiveTaskProvider_Subclass$0.apply(Unknown Source)
    io.quarkus.arc.impl.AroundInvokeInvocationContext.proceed(AroundInvokeInvocationContext.java:73)
    io.quarkus.arc.impl.AroundInvokeInvocationContext.proceed(AroundInvokeInvocationContext.java:62)
    io.quarkus.narayana.jta.runtime.interceptor.TransactionalInterceptorBase.invokeInNoTx(TransactionalInterceptorBase.java:375)
    io.quarkus.narayana.jta.runtime.interceptor.TransactionalInterceptorNotSupported.doIntercept(TransactionalInterceptorNotSupported.java:39)
    io.quarkus.narayana.jta.runtime.interceptor.TransactionalInterceptorBase.intercept(TransactionalInterceptorBase.java:82)
    io.quarkus.narayana.jta.runtime.interceptor.TransactionalInterceptorNotSupported.intercept(TransactionalInterceptorNotSupported.java:26)
    io.quarkus.narayana.jta.runtime.interceptor.TransactionalInterceptorNotSupported_Bean.intercept(Unknown Source)
    io.quarkus.arc.impl.InterceptorInvocation.invoke(InterceptorInvocation.java:42)
    io.quarkus.arc.impl.AroundInvokeInvocationContext.perform(AroundInvokeInvocationContext.java:30)
    io.quarkus.arc.impl.InvocationContexts.performAroundInvoke(InvocationContexts.java:27)
    com.integrationhub.platform.provider.task.payments.swift.Mt101ArchiveTaskProvider_Subclass.execute(Unknown Source)
    com.integrationhub.platform.provider.task.payments.swift.Mt101ArchiveTaskProvider_ClientProxy.execute(Unknown Source)
    com.integrationhub.platform.service.execution.ProcessTaskRuntimeService.runTask(ProcessTaskRuntimeService.java:207)
    com.integrationhub.platform.service.execution.ProcessTaskRuntimeService_Subclass.runTask$$superforward(Unknown Source)
    com.integrationhub.platform.service.execution.ProcessTaskRuntimeService_Subclass$0.apply(Unknown Source)
    io.quarkus.arc.impl.AroundInvokeInvocationContext.proceed(AroundInvokeInvocationContext.java:73)
    io.quarkus.arc.impl.AroundInvokeInvocationContext.proceed(AroundInvokeInvocationContext.java:62)
    io.quarkus.narayana.jta.runtime.interceptor.TransactionalInterceptorBase.invokeInNoTx(TransactionalInterceptorBase.java:375)
    io.quarkus.narayana.jta.runtime.interceptor.TransactionalInterceptorNotSupported.doIntercept(TransactionalInterceptorNotSupported.java:39)
    io.quarkus.narayana.jta.runtime.interceptor.TransactionalInterceptorBase.intercept(TransactionalInterceptorBase.java:82)
    io.quarkus.narayana.jta.runtime.interceptor.TransactionalInterceptorNotSupported.intercept(TransactionalInterceptorNotSupported.java:26)
    io.quarkus.narayana.jta.runtime.interceptor.TransactionalInterceptorNotSupported_Bean.intercept(Unknown Source)
    io.quarkus.arc.impl.InterceptorInvocation.invoke(InterceptorInvocation.java:42)
    io.quarkus.arc.impl.AroundInvokeInvocationContext.perform(AroundInvokeInvocationContext.java:30)
    io.quarkus.arc.impl.InvocationContexts.performAroundInvoke(InvocationContexts.java:27)
    com.integrationhub.platform.service.execution.ProcessTaskRuntimeService_Subclass.runTask(Unknown Source)
    com.integrationhub.platform.service.execution.ProcessTaskRuntimeService_ClientProxy.runTask(Unknown Source)
    com.integrationhub.platform.service.execution.ProcessExecutionService.executeTasks(ProcessExecutionService.java:180)
    com.integrationhub.platform.service.execution.ProcessExecutionService.executeLoadedPlan(ProcessExecutionService.java:138)
    com.integrationhub.platform.service.execution.ProcessExecutionService.executeQueued(ProcessExecutionService.java:100)
    com.integrationhub.platform.service.execution.ProcessExecutionService_ClientProxy.executeQueued(Unknown Source)
    com.integrationhub.platform.service.execution.async.ProcessExecutionRunner.run(ProcessExecutionRunner.java:46)
    com.integrationhub.platform.service.execution.async.ProcessExecutionRunner_Subclass.run$$superforward(Unknown Source)
    com.integrationhub.platform.service.execution.async.ProcessExecutionRunner_Subclass$0.apply(Unknown Source)
    io.quarkus.arc.impl.AroundInvokeInvocationContext.proceed(AroundInvokeInvocationContext.java:73)
    io.quarkus.arc.impl.AroundInvokeInvocationContext.proceed(AroundInvokeInvocationContext.java:62)
    io.quarkus.arc.impl.ActivateRequestContextInterceptor.invoke(ActivateRequestContextInterceptor.java:124)
    io.quarkus.arc.impl.ActivateRequestContextInterceptor.aroundInvoke(ActivateRequestContextInterceptor.java:33)
    io.quarkus.arc.impl.ActivateRequestContextInterceptor_Bean.intercept(Unknown Source)
    io.quarkus.arc.impl.InterceptorInvocation.invoke(InterceptorInvocation.java:42)
    io.quarkus.arc.impl.AroundInvokeInvocationContext.perform(AroundInvokeInvocationContext.java:30)
    io.quarkus.arc.impl.InvocationContexts.performAroundInvoke(InvocationContexts.java:27)
    com.integrationhub.platform.service.execution.async.ProcessExecutionRunner_Subclass.run(Unknown Source)
    com.integrationhub.platform.service.execution.async.ProcessExecutionRunner_ClientProxy.run(Unknown Source)
    com.integrationhub.platform.service.execution.async.BackgroundProcessExecutionDispatcher.lambda$submit$0(BackgroundProcessExecutionDispatcher.java:130)
    com.integrationhub.platform.service.execution.async.BackgroundProcessExecutionDispatcher$$Lambda/0x0000000035c53540.run(Unknown Source)
    io.smallrye.context.impl.wrappers.SlowContextualRunnable.run(SlowContextualRunnable.java:19)
    java.base@25.0.2/java.util.concurrent.CompletableFuture$AsyncRun.run(CompletableFuture.java:1825)
    io.quarkus.vertx.core.runtime.VertxCoreRecorder$15.runWith(VertxCoreRecorder.java:695)
    org.jboss.threads.EnhancedQueueExecutor$Task.doRunWith(EnhancedQueueExecutor.java:2651)
    org.jboss.threads.EnhancedQueueExecutor$Task.run(EnhancedQueueExecutor.java:2630)
    org.jboss.threads.EnhancedQueueExecutor$ThreadBody.run(EnhancedQueueExecutor.java:1586)
    org.jboss.threads.DelegatingRunnable.run(DelegatingRunnable.java:11)
    org.jboss.threads.ThreadLocalResettingRunnable.run(ThreadLocalResettingRunnable.java:11)
    io.netty.util.concurrent.FastThreadLocalRunnable.run(FastThreadLocalRunnable.java:30)
    java.base@25.0.2/java.lang.Thread.runWith(Thread.java:1487)
    java.base@25.0.2/java.lang.Thread.run(Thread.java:1474)
Thread HttpClient-9-SelectorManager: RUNNABLE
  Stack:
    java.base@25.0.2/sun.nio.ch.WEPoll.wait(Native Method)
    java.base@25.0.2/sun.nio.ch.WEPollSelectorImpl.doSelect(WEPollSelectorImpl.java:108)
    java.base@25.0.2/sun.nio.ch.SelectorImpl.lockAndDoSelect(SelectorImpl.java:130)
    java.base@25.0.2/sun.nio.ch.SelectorImpl.select(SelectorImpl.java:142)
    platform/java.net.http@25.0.2/jdk.internal.net.http.HttpClientImpl$SelectorManager.run(HttpClientImpl.java:1338)
Thread HttpClient-10-SelectorManager: RUNNABLE
  Stack:
    java.base@25.0.2/sun.nio.ch.WEPoll.wait(Native Method)
    java.base@25.0.2/sun.nio.ch.WEPollSelectorImpl.doSelect(WEPollSelectorImpl.java:108)
    java.base@25.0.2/sun.nio.ch.SelectorImpl.lockAndDoSelect(SelectorImpl.java:130)
    java.base@25.0.2/sun.nio.ch.SelectorImpl.select(SelectorImpl.java:142)
    platform/java.net.http@25.0.2/jdk.internal.net.http.HttpClientImpl$SelectorManager.run(HttpClientImpl.java:1338)
=== End Stack Trace ===
]]></system-err>
  </testcase>
  <testcase name="locatesAndReprocessesExactFailedRowInLargeBatch" classname="com.integrationhub.platform.integration.Mt101MillionFileProcessE2EIT" time="1.87">
    <system-out><![CDATA[2026-07-15 19:22:54,220 INFO  [com.integrationhub.platform.service.execution.ProcessExecutionCommandService] (executor-thread-2) Queued process execution 1 for process definition 1 (process-mt101-million-e2e) trigger=MANUAL selectedFiles=0
2026-07-15 19:22:54,237 INFO  [com.integrationhub.platform.service.execution.async.BackgroundProcessExecutionDispatcher] (executor-thread-2) Dispatching queued process execution 1 claimed by node-434777b9-bd4a-4fbb-8859-ce60a64752ac. activeExecutions=0/2
2026-07-15 19:22:54,237 INFO  [com.integrationhub.platform.service.execution.async.BackgroundProcessExecutionDispatcher] (executor-thread-2) Submitting queued process execution 1 to background executor. activeExecutions=1/2
2026-07-15 19:22:54,243 INFO  [com.integrationhub.platform.service.execution.async.ProcessExecutionRunner] (executor-thread-1) Starting background process execution 1 for process definition 1 trigger=MANUAL selectedFiles=0
2026-07-15 19:22:54,549 INFO  [com.integrationhub.platform.service.execution.async.ProcessExecutionRunner] (executor-thread-1) Background process execution 1 completed for process definition 1
2026-07-15 19:22:54,549 INFO  [com.integrationhub.platform.service.execution.async.BackgroundProcessExecutionDispatcher] (executor-thread-1) Background execution 1 finished. activeExecutions=0/2
]]></system-out>
  </testcase>
  <testcase name="reprocessesNonContiguousFailuresViaRestWithOptimisticLock" classname="com.integrationhub.platform.integration.Mt101MillionFileProcessE2EIT" time="1.925">
    <system-out><![CDATA[2026-07-15 19:22:55,759 INFO  [com.integrationhub.platform.service.execution.ProcessExecutionCommandService] (executor-thread-1) Queued process execution 1 for process definition 1 (process-mt101-million-e2e) trigger=MANUAL selectedFiles=0
2026-07-15 19:22:55,774 INFO  [com.integrationhub.platform.service.execution.async.BackgroundProcessExecutionDispatcher] (executor-thread-1) Dispatching queued process execution 1 claimed by node-434777b9-bd4a-4fbb-8859-ce60a64752ac. activeExecutions=0/2
2026-07-15 19:22:55,774 INFO  [com.integrationhub.platform.service.execution.async.BackgroundProcessExecutionDispatcher] (executor-thread-1) Submitting queued process execution 1 to background executor. activeExecutions=1/2
2026-07-15 19:22:55,780 INFO  [com.integrationhub.platform.service.execution.async.ProcessExecutionRunner] (executor-thread-2) Starting background process execution 1 for process definition 1 trigger=MANUAL selectedFiles=0
2026-07-15 19:22:56,101 INFO  [com.integrationhub.platform.service.execution.async.ProcessExecutionRunner] (executor-thread-2) Background process execution 1 completed for process definition 1
2026-07-15 19:22:56,102 INFO  [com.integrationhub.platform.service.execution.async.BackgroundProcessExecutionDispatcher] (executor-thread-2) Background execution 1 finished. activeExecutions=0/2
2026-07-15 19:22:57,257 WARN  [com.integrationhub.platform.api.resource.ApiExceptionMapper] (executor-thread-2) API exception. status=400, path=/api/query/mt101-quarantine/staging-row, details=If-Match header is required for staging-row corrections: jakarta.ws.rs.BadRequestException: If-Match header is required for staging-row corrections
	at com.integrationhub.platform.api.resource.execution.Mt101QuarantineResource.parseIfMatch(Mt101QuarantineResource.java:400)
	at com.integrationhub.platform.api.resource.execution.Mt101QuarantineResource.correctRow(Mt101QuarantineResource.java:98)
	at com.integrationhub.platform.api.resource.execution.Mt101QuarantineResource_Subclass.correctRow$$superforward(Unknown Source)
	at com.integrationhub.platform.api.resource.execution.Mt101QuarantineResource_Subclass$12.apply(Unknown Source)
	at io.quarkus.arc.impl.AroundInvokeInvocationContext.proceed(AroundInvokeInvocationContext.java:73)
	at io.quarkus.arc.impl.AroundInvokeInvocationContext$NextAroundInvokeInvocationContext.proceed(AroundInvokeInvocationContext.java:97)
	at io.quarkus.security.runtime.interceptor.SecurityHandler.handle(SecurityHandler.java:27)
	at io.quarkus.security.runtime.interceptor.RolesAllowedInterceptor.intercept(RolesAllowedInterceptor.java:31)
	at io.quarkus.security.runtime.interceptor.RolesAllowedInterceptor_Bean.intercept(Unknown Source)
	at io.quarkus.arc.impl.InterceptorInvocation.invoke(InterceptorInvocation.java:42)
	at io.quarkus.arc.impl.AroundInvokeInvocationContext.proceed(AroundInvokeInvocationContext.java:70)
	at io.quarkus.arc.impl.AroundInvokeInvocationContext.proceed(AroundInvokeInvocationContext.java:62)
	at io.quarkus.resteasy.reactive.server.runtime.StandardSecurityCheckInterceptor.intercept(StandardSecurityCheckInterceptor.java:48)
	at io.quarkus.resteasy.reactive.server.runtime.StandardSecurityCheckInterceptor$RolesAllowedInterceptor_Bean.intercept(Unknown Source)
	at io.quarkus.arc.impl.InterceptorInvocation.invoke(InterceptorInvocation.java:42)
	at io.quarkus.arc.impl.AroundInvokeInvocationContext.perform(AroundInvokeInvocationContext.java:30)
	at io.quarkus.arc.impl.InvocationContexts.performAroundInvoke(InvocationContexts.java:27)
	at com.integrationhub.platform.api.resource.execution.Mt101QuarantineResource_Subclass.correctRow(Unknown Source)
	at com.integrationhub.platform.api.resource.execution.Mt101QuarantineResource$quarkusrestinvoker$correctRow_cb7c20cc0f082995edf982352aa37b9288580482.invoke(Unknown Source)
	at org.jboss.resteasy.reactive.server.handlers.InvocationHandler.handle(InvocationHandler.java:29)
	at io.quarkus.resteasy.reactive.server.runtime.QuarkusResteasyReactiveRequestContext.invokeHandler(QuarkusResteasyReactiveRequestContext.java:195)
	at org.jboss.resteasy.reactive.common.core.AbstractResteasyReactiveContext.run(AbstractResteasyReactiveContext.java:147)
	at io.quarkus.vertx.core.runtime.VertxCoreRecorder$15.runWith(VertxCoreRecorder.java:695)
	at org.jboss.threads.EnhancedQueueExecutor$Task.doRunWith(EnhancedQueueExecutor.java:2651)
	at org.jboss.threads.EnhancedQueueExecutor$Task.run(EnhancedQueueExecutor.java:2630)
	at org.jboss.threads.EnhancedQueueExecutor.runThreadBody(EnhancedQueueExecutor.java:1622)
	at org.jboss.threads.EnhancedQueueExecutor$ThreadBody.run(EnhancedQueueExecutor.java:1589)
	at org.jboss.threads.DelegatingRunnable.run(DelegatingRunnable.java:11)
	at org.jboss.threads.ThreadLocalResettingRunnable.run(ThreadLocalResettingRunnable.java:11)
	at io.netty.util.concurrent.FastThreadLocalRunnable.run(FastThreadLocalRunnable.java:30)
	at java.base/java.lang.Thread.run(Thread.java:1474)

2026-07-15 19:22:57,291 WARN  [com.integrationhub.platform.api.resource.ApiExceptionMapper] (executor-thread-2) API exception. status=409, path=/api/query/mt101-quarantine/staging-row, details=staging row 50 was modified concurrently (expected version 0 but is 1); reload and retry: jakarta.ws.rs.ClientErrorException: staging row 50 was modified concurrently (expected version 0 but is 1); reload and retry
	at com.integrationhub.platform.api.resource.execution.Mt101QuarantineResource.correctRow(Mt101QuarantineResource.java:101)
	at com.integrationhub.platform.api.resource.execution.Mt101QuarantineResource_Subclass.correctRow$$superforward(Unknown Source)
	at com.integrationhub.platform.api.resource.execution.Mt101QuarantineResource_Subclass$12.apply(Unknown Source)
	at io.quarkus.arc.impl.AroundInvokeInvocationContext.proceed(AroundInvokeInvocationContext.java:73)
	at io.quarkus.arc.impl.AroundInvokeInvocationContext$NextAroundInvokeInvocationContext.proceed(AroundInvokeInvocationContext.java:97)
	at io.quarkus.security.runtime.interceptor.SecurityHandler.handle(SecurityHandler.java:27)
	at io.quarkus.security.runtime.interceptor.RolesAllowedInterceptor.intercept(RolesAllowedInterceptor.java:31)
	at io.quarkus.security.runtime.interceptor.RolesAllowedInterceptor_Bean.intercept(Unknown Source)
	at io.quarkus.arc.impl.InterceptorInvocation.invoke(InterceptorInvocation.java:42)
	at io.quarkus.arc.impl.AroundInvokeInvocationContext.proceed(AroundInvokeInvocationContext.java:70)
	at io.quarkus.arc.impl.AroundInvokeInvocationContext.proceed(AroundInvokeInvocationContext.java:62)
	at io.quarkus.resteasy.reactive.server.runtime.StandardSecurityCheckInterceptor.intercept(StandardSecurityCheckInterceptor.java:48)
	at io.quarkus.resteasy.reactive.server.runtime.StandardSecurityCheckInterceptor$RolesAllowedInterceptor_Bean.intercept(Unknown Source)
	at io.quarkus.arc.impl.InterceptorInvocation.invoke(InterceptorInvocation.java:42)
	at io.quarkus.arc.impl.AroundInvokeInvocationContext.perform(AroundInvokeInvocationContext.java:30)
	at io.quarkus.arc.impl.InvocationContexts.performAroundInvoke(InvocationContexts.java:27)
	at com.integrationhub.platform.api.resource.execution.Mt101QuarantineResource_Subclass.correctRow(Unknown Source)
	at com.integrationhub.platform.api.resource.execution.Mt101QuarantineResource$quarkusrestinvoker$correctRow_cb7c20cc0f082995edf982352aa37b9288580482.invoke(Unknown Source)
	at org.jboss.resteasy.reactive.server.handlers.InvocationHandler.handle(InvocationHandler.java:29)
	at io.quarkus.resteasy.reactive.server.runtime.QuarkusResteasyReactiveRequestContext.invokeHandler(QuarkusResteasyReactiveRequestContext.java:195)
	at org.jboss.resteasy.reactive.common.core.AbstractResteasyReactiveContext.run(AbstractResteasyReactiveContext.java:147)
	at io.quarkus.vertx.core.runtime.VertxCoreRecorder$15.runWith(VertxCoreRecorder.java:695)
	at org.jboss.threads.EnhancedQueueExecutor$Task.doRunWith(EnhancedQueueExecutor.java:2651)
	at org.jboss.threads.EnhancedQueueExecutor$Task.run(EnhancedQueueExecutor.java:2630)
	at org.jboss.threads.EnhancedQueueExecutor.runThreadBody(EnhancedQueueExecutor.java:1622)
	at org.jboss.threads.EnhancedQueueExecutor$ThreadBody.run(EnhancedQueueExecutor.java:1589)
	at org.jboss.threads.DelegatingRunnable.run(DelegatingRunnable.java:11)
	at org.jboss.threads.ThreadLocalResettingRunnable.run(ThreadLocalResettingRunnable.java:11)
	at io.netty.util.concurrent.FastThreadLocalRunnable.run(FastThreadLocalRunnable.java:30)
	at java.base/java.lang.Thread.run(Thread.java:1474)

]]></system-out>
  </testcase>
</testsuite>